<?xml version="1.0" encoding="UTF-8"?>
<testsuite xmlns:xsi="http://www.w3.org/2001/XMLSchema-instance" xsi:noNamespaceSchemaLocation="https://maven.apache.org/surefire/maven-surefire-plugin/xsd/surefire-test-report-3.0.xsd" version="3.0" name="com.workflow.integration.PerformanceIntegrationTest$NotificationPerformanceTests" time="0.071" tests="2" errors="0" skipped="0" failures="0">
  <properties>
[...]
</properties>
  <testcase name="notificationHistoryQueryPerformance" classname="com.workflow.integration.PerformanceIntegrationTest$NotificationPerformanceTests" time="0.031">
    <system-out><![CDATA[22:44:00.000 [main] INFO com.workflow.component.SecurityManagerComponent -- 定义角色权限: role=ADMIN, permissions=[*:*]
22:44:00.001 [main] INFO com.workflow.component.SecurityManagerComponent -- 定义角色权限: role=MANAGER, permissions=[TASK:*, REPORT:*, PROCESS:*, USER:VIEW]
22:44:00.001 [main] INFO com.workflow.component.SecurityManagerComponent -- 定义角色权限: role=USER, permissions=[TASK:VIEW, TASK:COMPLETE, PROCESS:START, PROCESS:VIEW, TASK:CLAIM]
22:44:00.002 [main] INFO com.workflow.component.SecurityManagerComponent -- 默认角色权限初始化完成
22:44:00.002 [main] INFO com.workflow.component.NotificationManagerComponent -- 注册WebSocket会话: sessionId=session-history-perf, userId=history-perf-user
22:44:00.002 [main] INFO com.workflow.component.NotificationManagerComponent -- 发布事件: eventType=SESSION_CONNECTED, sourceId=session-history-perf
22:44:00.003 [main] INFO com.workflow.component.NotificationManagerComponent -- 订阅事件: eventType=TASK_ASSIGNED, userId=history-perf-user, filters=null
22:44:00.003 [main] INFO com.workflow.component.NotificationManagerComponent -- 发布任务分配事件: taskId=task-history-0, assignee=history-perf-user
22:44:00.004 [main] INFO com.workflow.component.NotificationManagerComponent -- 发布事件: eventType=TASK_ASSIGNED, sourceId=task-history-0
22:44:00.004 [main] INFO com.workflow.component.NotificationManagerComponent -- 发送WebSocket消息到会话 session-history-perf: 任务已分配: 任务-0 (分配给: history-perf-user)
22:44:00.004 [main] INFO com.workflow.component.NotificationManagerComponent -- 向用户发送通知: userId=history-perf-user, eventType=TASK_ASSIGNED, delivered=true
22:44:00.004 [main] INFO com.workflow.component.NotificationManagerComponent -- 发布任务分配事件: taskId=task-history-1, assignee=history-perf-user
22:44:00.004 [main] INFO com.workflow.component.NotificationManagerComponent -- 发布事件: eventType=TASK_ASSIGNED, sourceId=task-history-1
22:44:00.004 [main] INFO com.workflow.component.NotificationManagerComponent -- 发送WebSocket消息到会话 session-history-perf: 任务已分配: 任务-1 (分配给: history-perf-user)
22:44:00.004 [main] INFO com.workflow.component.NotificationManagerComponent -- 向用户发送通知: userId=history-perf-user, eventType=TASK_ASSIGNED, delivered=true
22:44:00.004 [main] INFO com.workflow.component.NotificationManagerComponent -- 发布任务分配事件: taskId=task-history-2, assignee=history-perf-user
22:44:00.004 [main] INFO com.workflow.component.NotificationManagerComponent -- 发布事件: eventType=TASK_ASSIGNED, sourceId=task-history-2
22:44:00.004 [main] INFO com.workflow.component.NotificationManagerComponent -- 发送WebSocket消息到会话 session-history-perf: 任务已分配: 任务-2 (分配给: history-perf-user)
22:44:00.004 [main] INFO com.workflow.component.NotificationManagerComponent -- 向用户发送通知: userId=history-perf-user, eventType=TASK_ASSIGNED, delivered=true
22:44:00.004 [main] INFO com.workflow.component.NotificationManagerComponent -- 发布任务分配事件: taskId=task-history-3, assignee=history-perf-user
22:44:00.004 [main] INFO com.workflow.component.NotificationManagerComponent -- 发布事件: eventType=TASK_ASSIGNED, sourceId=task-history-3
22:44:00.004 [main] INFO com.workflow.component.NotificationManagerComponent -- 发送WebSocket消息到会话 session-history-perf: 任务已分配: 任务-3 (分配给: history-perf-user)
22:44:00.004 [main] INFO com.workflow.component.NotificationManagerComponent -- 向用户发送通知: userId=history-perf-user, eventType=TASK_ASSIGNED, delivered=true
22:44:00.004 [main] INFO com.workflow.component.NotificationManagerComponent -- 发布任务分配事件: taskId=task-history-4, assignee=history-perf-user
22:44:00.004 [main] INFO com.workflow.component.NotificationManagerComponent -- 发布事件: eventType=TASK_ASSIGNED, sourceId=task-history-4
22:44:00.004 [main] INFO com.workflow.component.NotificationManagerComponent -- 发送WebSocket消息到会话 session-history-perf: 任务已分配: 任务-4 (分配给: history-perf-user)
22:44:00.004 [main] INFO com.workflow.component.NotificationManagerComponent -- 向用户发送通知: userId=history-perf-user, eventType=TASK_ASSIGNED, delivered=true
22:44:00.004 [main] INFO com.workflow.component.NotificationManagerComponent -- 发布任务分配事件: taskId=task-history-5, assignee=history-perf-user
22:44:00.004 [main] INFO com.workflow.component.NotificationManagerComponent -- 发布事件: eventType=TASK_ASSIGNED, sourceId=task-history-5
22:44:00.004 [main] INFO com.workflow.component.NotificationManagerComponent -- 发送WebSocket消息到会话 session-history-perf: 任务已分配: 任务-5 (分配给: history-perf-user)
22:44:00.004 [main] INFO com.workflow.component.NotificationManagerComponent -- 向用户发送通知: userId=history-perf-user, eventType=TASK_ASSIGNED, delivered=true
22:44:00.004 [main] INFO com.workflow.component.NotificationManagerComponent -- 发布任务分配事件: taskId=task-history-6, assignee=history-perf-user
22:44:00.004 [main] INFO com.workflow.component.NotificationManagerComponent -- 发布事件: eventType=TASK_ASSIGNED, sourceId=task-history-6
22:44:00.004 [main] INFO com.workflow.component.NotificationManagerComponent -- 发送WebSocket消息到会话 session-history-perf: 任务已分配: 任务-6 (分配给: history-perf-user)
22:44:00.004 [main] INFO com.workflow.component.NotificationManagerComponent -- 向用户发送通知: userId=history-perf-user, eventType=TASK_ASSIGNED, delivered=true
22:44:00.004 [main] INFO com.workflow.component.NotificationManagerComponent -- 发布任务分配事件: taskId=task-history-7, assignee=history-perf-user
22:44:00.004 [main] INFO com.workflow.component.NotificationManagerComponent -- 发布事件: eventType=TASK_ASSIGNED, sourceId=task-history-7
22:44:00.004 [main] INFO com.workflow.component.NotificationManagerComponent -- 发送WebSocket消息到会话 session-history-perf: 任务已分配: 任务-7 (分配给: history-perf-user)
22:44:00.004 [main] INFO com.workflow.component.NotificationManagerComponent -- 向用户发送通知: userId=history-perf-user, eventType=TASK_ASSIGNED, delivered=true
22:44:00.004 [main] INFO com.workflow.component.NotificationManagerComponent -- 发布任务分配事件: taskId=task-history-8, assignee=history-perf-user
22:44:00.004 [main] INFO com.workflow.component.NotificationManagerComponent -- 发布事件: eventType=TASK_ASSIGNED, sourceId=task-history-8
22:44:00.004 [main] INFO com.workflow.component.NotificationManagerComponent -- 发送WebSocket消息到会话 session-history-perf: 任务已分配: 任务-8 (分配给: history-perf-user)
22:44:00.004 [main] INFO com.workflow.component.NotificationManagerComponent -- 向用户发送通知: userId=history-perf-user, eventType=TASK_ASSIGNED, delivered=true
22:44:00.004 [main] INFO com.workflow.component.NotificationManagerComponent -- 发布任务分配事件: taskId=task-history-9, assignee=history-perf-user
22:44:00.004 [main] INFO com.workflow.component.NotificationManagerComponent -- 发布事件: eventType=TASK_ASSIGNED, sourceId=task-history-9
22:44:00.004 [main] INFO com.workflow.component.NotificationManagerComponent -- 发送WebSocket消息到会话 session-history-perf: 任务已分配: 任务-9 (分配给: history-perf-user)
22:44:00.004 [main] INFO com.workflow.component.NotificationManagerComponent -- 向用户发送通知: userId=history-perf-user, eventType=TASK_ASSIGNED, delivered=true
22:44:00.004 [main] INFO com.workflow.component.NotificationManagerComponent -- 发布任务分配事件: taskId=task-history-10, assignee=history-perf-user
22:44:00.004 [main] INFO com.workflow.component.NotificationManagerComponent -- 发布事件: eventType=TASK_ASSIGNED, sourceId=task-history-10
22:44:00.004 [main] INFO com.workflow.component.NotificationManagerComponent -- 发送WebSocket消息到会话 session-history-perf: 任务已分配: 任务-10 (分配给: history-perf-user)
22:44:00.005 [main] INFO com.workflow.component.NotificationManagerComponent -- 向用户发送通知: userId=history-perf-user, eventType=TASK_ASSIGNED, delivered=true
22:44:00.005 [main] INFO com.workflow.component.NotificationManagerComponent -- 发布任务分配事件: taskId=task-history-11, assignee=history-perf-user
22:44:00.005 [main] INFO com.workflow.component.NotificationManagerComponent -- 发布事件: eventType=TASK_ASSIGNED, sourceId=task-history-11
22:44:00.005 [main] INFO com.workflow.component.NotificationManagerComponent -- 发送WebSocket消息到会话 session-history-perf: 任务已分配: 任务-11 (分配给: history-perf-user)
22:44:00.005 [main] INFO com.workflow.component.NotificationManagerComponent -- 向用户发送通知: userId=history-perf-user, eventType=TASK_ASSIGNED, delivered=true
22:44:00.005 [main] INFO com.workflow.component.NotificationManagerComponent -- 发布任务分配事件: taskId=task-history-12, assignee=history-perf-user
22:44:00.005 [main] INFO com.workflow.component.NotificationManagerComponent -- 发布事件: eventType=TASK_ASSIGNED, sourceId=task-history-12
22:44:00.005 [main] INFO com.workflow.component.NotificationManagerComponent -- 发送WebSocket消息到会话 session-history-perf: 任务已分配: 任务-12 (分配给: history-perf-user)
22:44:00.005 [main] INFO com.workflow.component.NotificationManagerComponent -- 向用户发送通知: userId=history-perf-user, eventType=TASK_ASSIGNED, delivered=true
22:44:00.005 [main] INFO com.workflow.component.NotificationManagerComponent -- 发布任务分配事件: taskId=task-history-13, assignee=history-perf-user
22:44:00.005 [main] INFO com.workflow.component.NotificationManagerComponent -- 发布事件: eventType=TASK_ASSIGNED, sourceId=task-history-13
22:44:00.005 [main] INFO com.workflow.component.NotificationManagerComponent -- 发送WebSocket消息到会话 session-history-perf: 任务已分配: 任务-13 (分配给: history-perf-user)
22:44:00.005 [main] INFO com.workflow.component.NotificationManagerComponent -- 向用户发送通知: userId=history-perf-user, eventType=TASK_ASSIGNED, delivered=true
22:44:00.005 [main] INFO com.workflow.component.NotificationManagerComponent -- 发布任务分配事件: taskId=task-history-14, assignee=history-perf-user
22:44:00.005 [main] INFO com.workflow.component.NotificationManagerComponent -- 发布事件: eventType=TASK_ASSIGNED, sourceId=task-history-14
22:44:00.005 [main] INFO com.workflow.component.NotificationManagerComponent -- 发送WebSocket消息到会话 session-history-perf: 任务已分配: 任务-14 (分配给: history-perf-user)
22:44:00.005 [main] INFO com.workflow.component.NotificationManagerComponent -- 向用户发送通知: userId=history-perf-user, eventType=TASK_ASSIGNED, delivered=true
22:44:00.005 [main] INFO com.workflow.component.NotificationManagerComponent -- 发布任务分配事件: taskId=task-history-15, assignee=history-perf-user
22:44:00.005 [main] INFO com.workflow.component.NotificationManagerComponent -- 发布事件: eventType=TASK_ASSIGNED, sourceId=task-history-15
22:44:00.005 [main] INFO com.workflow.component.NotificationManagerComponent -- 发送WebSocket消息到会话 session-history-perf: 任务已分配: 任务-15 (分配给: history-perf-user)
22:44:00.005 [main] INFO com.workflow.component.NotificationManagerComponent -- 向用户发送通知: userId=history-perf-user, eventType=TASK_ASSIGNED, delivered=true
22:44:00.005 [main] INFO com.workflow.component.NotificationManagerComponent -- 发布任务分配事件: taskId=task-history-16, assignee=history-perf-user
22:44:00.005 [main] INFO com.workflow.component.NotificationManagerComponent -- 发布事件: eventType=TASK_ASSIGNED, sourceId=task-history-16
22:44:00.005 [main] INFO com.workflow.component.NotificationManagerComponent -- 发送WebSocket消息到会话 session-history-perf: 任务已分配: 任务-16 (分配给: history-perf-user)
22:44:00.005 [main] INFO com.workflow.component.NotificationManagerComponent -- 向用户发送通知: userId=history-perf-user, eventType=TASK_ASSIGNED, delivered=true
22:44:00.005 [main] INFO com.workflow.component.NotificationManagerComponent -- 发布任务分配事件: taskId=task-history-17, assignee=history-perf-user
22:44:00.006 [main] INFO com.workflow.component.NotificationManagerComponent -- 发布事件: eventType=TASK_ASSIGNED, sourceId=task-history-17
22:44:00.006 [main] INFO com.workflow.component.NotificationManagerComponent -- 发送WebSocket消息到会话 session-history-perf: 任务已分配: 任务-17 (分配给: history-perf-user)
22:44:00.006 [main] INFO com.workflow.component.NotificationManagerComponent -- 向用户发送通知: userId=history-perf-user, eventType=TASK_ASSIGNED, delivered=true
22:44:00.006 [main] INFO com.workflow.component.NotificationManagerComponent -- 发布任务分配事件: taskId=task-history-18, assignee=history-perf-user
22:44:00.006 [main] INFO com.workflow.component.NotificationManagerComponent -- 发布事件: eventType=TASK_ASSIGNED, sourceId=task-history-18
22:44:00.006 [main] INFO com.workflow.component.NotificationManagerComponent -- 发送WebSocket消息到会话 session-history-perf: 任务已分配: 任务-18 (分配给: history-perf-user)
22:44:00.006 [main] INFO com.workflow.component.NotificationManagerComponent -- 向用户发送通知: userId=history-perf-user, eventType=TASK_ASSIGNED, delivered=true
22:44:00.006 [main] INFO com.workflow.component.NotificationManagerComponent -- 发布任务分配事件: taskId=task-history-19, assignee=history-perf-user
22:44:00.006 [main] INFO com.workflow.component.NotificationManagerComponent -- 发布事件: eventType=TASK_ASSIGNED, sourceId=task-history-19
22:44:00.006 [main] INFO com.workflow.component.NotificationManagerComponent -- 发送WebSocket消息到会话 session-history-perf: 任务已分配: 任务-19 (分配给: history-perf-user)
22:44:00.008 [main] INFO com.workflow.component.NotificationManagerComponent -- 向用户发送通知: userId=history-perf-user, eventType=TASK_ASSIGNED, delivered=true
22:44:00.008 [main] INFO com.workflow.component.NotificationManagerComponent -- 发布任务分配事件: taskId=task-history-20, assignee=history-perf-user
22:44:00.008 [main] INFO com.workflow.component.NotificationManagerComponent -- 发布事件: eventType=TASK_ASSIGNED, sourceId=task-history-20
22:44:00.008 [main] INFO com.workflow.component.NotificationManagerComponent -- 发送WebSocket消息到会话 session-history-perf: 任务已分配: 任务-20 (分配给: history-perf-user)
22:44:00.009 [main] INFO com.workflow.component.NotificationManagerComponent -- 向用户发送通知: userId=history-perf-user, eventType=TASK_ASSIGNED, delivered=true
22:44:00.009 [main] INFO com.workflow.component.NotificationManagerComponent -- 发布任务分配事件: taskId=task-history-21, assignee=history-perf-user
22:44:00.009 [main] INFO com.workflow.component.NotificationManagerComponent -- 发布事件: eventType=TASK_ASSIGNED, sourceId=task-history-21
22:44:00.009 [main] INFO com.workflow.component.NotificationManagerComponent -- 发送WebSocket消息到会话 session-history-perf: 任务已分配: 任务-21 (分配给: history-perf-user)
22:44:00.009 [main] INFO com.workflow.component.NotificationManagerComponent -- 向用户发送通知: userId=history-perf-user, eventType=TASK_ASSIGNED, delivered=true
22:44:00.009 [main] INFO com.workflow.component.NotificationManagerComponent -- 发布任务分配事件: taskId=task-history-22, assignee=history-perf-user
22:44:00.009 [main] INFO com.workflow.component.NotificationManagerComponent -- 发布事件: eventType=TASK_ASSIGNED, sourceId=task-history-22
22:44:00.009 [main] INFO com.workflow.component.NotificationManagerComponent -- 发送WebSocket消息到会话 session-history-perf: 任务已分配: 任务-22 (分配给: history-perf-user)
22:44:00.009 [main] INFO com.workflow.component.NotificationManagerComponent -- 向用户发送通知: userId=history-perf-user, eventType=TASK_ASSIGNED, delivered=true
22:44:00.009 [main] INFO com.workflow.component.NotificationManagerComponent -- 发布任务分配事件: taskId=task-history-23, assignee=history-perf-user
22:44:00.009 [main] INFO com.workflow.component.NotificationManagerComponent -- 发布事件: eventType=TASK_ASSIGNED, sourceId=task-history-23
22:44:00.010 [main] INFO com.workflow.component.NotificationManagerComponent -- 发送WebSocket消息到会话 session-history-perf: 任务已分配: 任务-23 (分配给: history-perf-user)
22:44:00.010 [main] INFO com.workflow.component.NotificationManagerComponent -- 向用户发送通知: userId=history-perf-user, eventType=TASK_ASSIGNED, delivered=true
22:44:00.010 [main] INFO com.workflow.component.NotificationManagerComponent -- 发布任务分配事件: taskId=task-history-24, assignee=history-perf-user
22:44:00.010 [main] INFO com.workflow.component.NotificationManagerComponent -- 发布事件: eventType=TASK_ASSIGNED, sourceId=task-history-24
22:44:00.010 [main] INFO com.workflow.component.NotificationManagerComponent -- 发送WebSocket消息到会话 session-history-perf: 任务已分配: 任务-24 (分配给: history-perf-user)
22:44:00.010 [main] INFO com.workflow.component.NotificationManagerComponent -- 向用户发送通知: userId=history-perf-user, eventType=TASK_ASSIGNED, delivered=true
22:44:00.010 [main] INFO com.workflow.component.NotificationManagerComponent -- 发布任务分配事件: taskId=task-history-25, assignee=history-perf-user
22:44:00.010 [main] INFO com.workflow.component.NotificationManagerComponent -- 发布事件: eventType=TASK_ASSIGNED, sourceId=task-history-25
22:44:00.010 [main] INFO com.workflow.component.NotificationManagerComponent -- 发送WebSocket消息到会话 session-history-perf: 任务已分配: 任务-25 (分配给: history-perf-user)
22:44:00.010 [main] INFO com.workflow.component.NotificationManagerComponent -- 向用户发送通知: userId=history-perf-user, eventType=TASK_ASSIGNED, delivered=true
22:44:00.010 [main] INFO com.workflow.component.NotificationManagerComponent -- 发布任务分配事件: taskId=task-history-26, assignee=history-perf-user
22:44:00.010 [main] INFO com.workflow.component.NotificationManagerComponent -- 发布事件: eventType=TASK_ASSIGNED, sourceId=task-history-26
22:44:00.010 [main] INFO com.workflow.component.NotificationManagerComponent -- 发送WebSocket消息到会话 session-history-perf: 任务已分配: 任务-26 (分配给: history-perf-user)
22:44:00.010 [main] INFO com.workflow.component.NotificationManagerComponent -- 向用户发送通知: userId=history-perf-user, eventType=TASK_ASSIGNED, delivered=true
22:44:00.010 [main] INFO com.workflow.component.NotificationManagerComponent -- 发布任务分配事件: taskId=task-history-27, assignee=history-perf-user
22:44:00.010 [main] INFO com.workflow.component.NotificationManagerComponent -- 发布事件: eventType=TASK_ASSIGNED, sourceId=task-history-27
22:44:00.010 [main] INFO com.workflow.component.NotificationManagerComponent -- 发送WebSocket消息到会话 session-history-perf: 任务已分配: 任务-27 (分配给: history-perf-user)
22:44:00.010 [main] INFO com.workflow.component.NotificationManagerComponent -- 向用户发送通知: userId=history-perf-user, eventType=TASK_ASSIGNED, delivered=true
22:44:00.010 [main] INFO com.workflow.component.NotificationManagerComponent -- 发布任务分配事件: taskId=task-history-28, assignee=history-perf-user
22:44:00.010 [main] INFO com.workflow.component.NotificationManagerComponent -- 发布事件: eventType=TASK_ASSIGNED, sourceId=task-history-28
22:44:00.010 [main] INFO com.workflow.component.NotificationManagerComponent -- 发送WebSocket消息到会话 session-history-perf: 任务已分配: 任务-28 (分配给: history-perf-user)
22:44:00.010 [main] INFO com.workflow.component.NotificationManagerComponent -- 向用户发送通知: userId=history-perf-user, eventType=TASK_ASSIGNED, delivered=true
22:44:00.010 [main] INFO com.workflow.component.NotificationManagerComponent -- 发布任务分配事件: taskId=task-history-29, assignee=history-perf-user
22:44:00.010 [main] INFO com.workflow.component.NotificationManagerComponent -- 发布事件: eventType=TASK_ASSIGNED, sourceId=task-history-29
22:44:00.011 [main] INFO com.workflow.component.NotificationManagerComponent -- 发送WebSocket消息到会话 session-history-perf: 任务已分配: 任务-29 (分配给: history-perf-user)
22:44:00.011 [main] INFO com.workflow.component.NotificationManagerComponent -- 向用户发送通知: userId=history-perf-user, eventType=TASK_ASSIGNED, delivered=true
22:44:00.011 [main] INFO com.workflow.component.NotificationManagerComponent -- 发布任务分配事件: taskId=task-history-30, assignee=history-perf-user
22:44:00.011 [main] INFO com.workflow.component.NotificationManagerComponent -- 发布事件: eventType=TASK_ASSIGNED, sourceId=task-history-30
22:44:00.011 [main] INFO com.workflow.component.NotificationManagerComponent -- 发送WebSocket消息到会话 session-history-perf: 任务已分配: 任务-30 (分配给: history-perf-user)
22:44:00.011 [main] INFO com.workflow.component.NotificationManagerComponent -- 向用户发送通知: userId=history-perf-user, eventType=TASK_ASSIGNED, delivered=true
22:44:00.011 [main] INFO com.workflow.component.NotificationManagerComponent -- 发布任务分配事件: taskId=task-history-31, assignee=history-perf-user
22:44:00.011 [main] INFO com.workflow.component.NotificationManagerComponent -- 发布事件: eventType=TASK_ASSIGNED, sourceId=task-history-31
22:44:00.011 [main] INFO com.workflow.component.NotificationManagerComponent -- 发送WebSocket消息到会话 session-history-perf: 任务已分配: 任务-31 (分配给: history-perf-user)
22:44:00.011 [main] INFO com.workflow.component.NotificationManagerComponent -- 向用户发送通知: userId=history-perf-user, eventType=TASK_ASSIGNED, delivered=true
22:44:00.011 [main] INFO com.workflow.component.NotificationManagerComponent -- 发布任务分配事件: taskId=task-history-32, assignee=history-perf-user
22:44:00.011 [main] INFO com.workflow.component.NotificationManagerComponent -- 发布事件: eventType=TASK_ASSIGNED, sourceId=task-history-32
22:44:00.011 [main] INFO com.workflow.component.NotificationManagerComponent -- 发送WebSocket消息到会话 session-history-perf: 任务已分配: 任务-32 (分配给: history-perf-user)
22:44:00.011 [main] INFO com.workflow.component.NotificationManagerComponent -- 向用户发送通知: userId=history-perf-user, eventType=TASK_ASSIGNED, delivered=true
22:44:00.011 [main] INFO com.workflow.component.NotificationManagerComponent -- 发布任务分配事件: taskId=task-history-33, assignee=history-perf-user
22:44:00.011 [main] INFO com.workflow.component.NotificationManagerComponent -- 发布事件: eventType=TASK_ASSIGNED, sourceId=task-history-33
22:44:00.011 [main] INFO com.workflow.component.NotificationManagerComponent -- 发送WebSocket消息到会话 session-history-perf: 任务已分配: 任务-33 (分配给: history-perf-user)
22:44:00.012 [main] INFO com.workflow.component.NotificationManagerComponent -- 向用户发送通知: userId=history-perf-user, eventType=TASK_ASSIGNED, delivered=true
22:44:00.012 [main] INFO com.workflow.component.NotificationManagerComponent -- 发布任务分配事件: taskId=task-history-34, assignee=history-perf-user
22:44:00.012 [main] INFO com.workflow.component.NotificationManagerComponent -- 发布事件: eventType=TASK_ASSIGNED, sourceId=task-history-34
22:44:00.012 [main] INFO com.workflow.component.NotificationManagerComponent -- 发送WebSocket消息到会话 session-history-perf: 任务已分配: 任务-34 (分配给: history-perf-user)
22:44:00.012 [main] INFO com.workflow.component.NotificationManagerComponent -- 向用户发送通知: userId=history-perf-user, eventType=TASK_ASSIGNED, delivered=true
22:44:00.012 [main] INFO com.workflow.component.NotificationManagerComponent -- 发布任务分配事件: taskId=task-history-35, assignee=history-perf-user
22:44:00.012 [main] INFO com.workflow.component.NotificationManagerComponent -- 发布事件: eventType=TASK_ASSIGNED, sourceId=task-history-35
22:44:00.012 [main] INFO com.workflow.component.NotificationManagerComponent -- 发送WebSocket消息到会话 session-history-perf: 任务已分配: 任务-35 (分配给: history-perf-user)
22:44:00.012 [main] INFO com.workflow.component.NotificationManagerComponent -- 向用户发送通知: userId=history-perf-user, eventType=TASK_ASSIGNED, delivered=true
22:44:00.012 [main] INFO com.workflow.component.NotificationManagerComponent -- 发布任务分配事件: taskId=task-history-36, assignee=history-perf-user
22:44:00.012 [main] INFO com.workflow.component.NotificationManagerComponent -- 发布事件: eventType=TASK_ASSIGNED, sourceId=task-history-36
22:44:00.012 [main] INFO com.workflow.component.NotificationManagerComponent -- 发送WebSocket消息到会话 session-history-perf: 任务已分配: 任务-36 (分配给: history-perf-user)
22:44:00.012 [main] INFO com.workflow.component.NotificationManagerComponent -- 向用户发送通知: userId=history-perf-user, eventType=TASK_ASSIGNED, delivered=true
22:44:00.012 [main] INFO com.workflow.component.NotificationManagerComponent -- 发布任务分配事件: taskId=task-history-37, assignee=history-perf-user
22:44:00.012 [main] INFO com.workflow.component.NotificationManagerComponent -- 发布事件: eventType=TASK_ASSIGNED, sourceId=task-history-37
22:44:00.012 [main] INFO com.workflow.component.NotificationManagerComponent -- 发送WebSocket消息到会话 session-history-perf: 任务已分配: 任务-37 (分配给: history-perf-user)
22:44:00.012 [main] INFO com.workflow.component.NotificationManagerComponent -- 向用户发送通知: userId=history-perf-user, eventType=TASK_ASSIGNED, delivered=true
22:44:00.012 [main] INFO com.workflow.component.NotificationManagerComponent -- 发布任务分配事件: taskId=task-history-38, assignee=history-perf-user
22:44:00.012 [main] INFO com.workflow.component.NotificationManagerComponent -- 发布事件: eventType=TASK_ASSIGNED, sourceId=task-history-38
22:44:00.012 [main] INFO com.workflow.component.NotificationManagerComponent -- 发送WebSocket消息到会话 session-history-perf: 任务已分配: 任务-38 (分配给: history-perf-user)
22:44:00.012 [main] INFO com.workflow.component.NotificationManagerComponent -- 向用户发送通知: userId=history-perf-user, eventType=TASK_ASSIGNED, delivered=true
22:44:00.012 [main] INFO com.workflow.component.NotificationManagerComponent -- 发布任务分配事件: taskId=task-history-39, assignee=history-perf-user
22:44:00.012 [main] INFO com.workflow.component.NotificationManagerComponent -- 发布事件: eventType=TASK_ASSIGNED, sourceId=task-history-39
22:44:00.012 [main] INFO com.workflow.component.NotificationManagerComponent -- 发送WebSocket消息到会话 session-history-perf: 任务已分配: 任务-39 (分配给: history-perf-user)
22:44:00.012 [main] INFO com.workflow.component.NotificationManagerComponent -- 向用户发送通知: userId=history-perf-user, eventType=TASK_ASSIGNED, delivered=true
22:44:00.012 [main] INFO com.workflow.component.NotificationManagerComponent -- 发布任务分配事件: taskId=task-history-40, assignee=history-perf-user
22:44:00.012 [main] INFO com.workflow.component.NotificationManagerComponent -- 发布事件: eventType=TASK_ASSIGNED, sourceId=task-history-40
22:44:00.013 [main] INFO com.workflow.component.NotificationManagerComponent -- 发送WebSocket消息到会话 session-history-perf: 任务已分配: 任务-40 (分配给: history-perf-user)
22:44:00.013 [main] INFO com.workflow.component.NotificationManagerComponent -- 向用户发送通知: userId=history-perf-user, eventType=TASK_ASSIGNED, delivered=true
22:44:00.013 [main] INFO com.workflow.component.NotificationManagerComponent -- 发布任务分配事件: taskId=task-history-41, assignee=history-perf-user
22:44:00.013 [main] INFO com.workflow.component.NotificationManagerComponent -- 发布事件: eventType=TASK_ASSIGNED, sourceId=task-history-41
22:44:00.013 [main] INFO com.workflow.component.NotificationManagerComponent -- 发送WebSocket消息到会话 session-history-perf: 任务已分配: 任务-41 (分配给: history-perf-user)
22:44:00.013 [main] INFO com.workflow.component.NotificationManagerComponent -- 向用户发送通知: userId=history-perf-user, eventType=TASK_ASSIGNED, delivered=true
22:44:00.013 [main] INFO com.workflow.component.NotificationManagerComponent -- 发布任务分配事件: taskId=task-history-42, assignee=history-perf-user
22:44:00.013 [main] INFO com.workflow.component.NotificationManagerComponent -- 发布事件: eventType=TASK_ASSIGNED, sourceId=task-history-42
22:44:00.013 [main] INFO com.workflow.component.NotificationManagerComponent -- 发送WebSocket消息到会话 session-history-perf: 任务已分配: 任务-42 (分配给: history-perf-user)
22:44:00.013 [main] INFO com.workflow.component.NotificationManagerComponent -- 向用户发送通知: userId=history-perf-user, eventType=TASK_ASSIGNED, delivered=true
22:44:00.013 [main] INFO com.workflow.component.NotificationManagerComponent -- 发布任务分配事件: taskId=task-history-43, assignee=history-perf-user
22:44:00.013 [main] INFO com.workflow.component.NotificationManagerComponent -- 发布事件: eventType=TASK_ASSIGNED, sourceId=task-history-43
22:44:00.013 [main] INFO com.workflow.component.NotificationManagerComponent -- 发送WebSocket消息到会话 session-history-perf: 任务已分配: 任务-43 (分配给: history-perf-user)
22:44:00.013 [main] INFO com.workflow.component.NotificationManagerComponent -- 向用户发送通知: userId=history-perf-user, eventType=TASK_ASSIGNED, delivered=true
22:44:00.013 [main] INFO com.workflow.component.NotificationManagerComponent -- 发布任务分配事件: taskId=task-history-44, assignee=history-perf-user
22:44:00.013 [main] INFO com.workflow.component.NotificationManagerComponent -- 发布事件: eventType=TASK_ASSIGNED, sourceId=task-history-44
22:44:00.013 [main] INFO com.workflow.component.NotificationManagerComponent -- 发送WebSocket消息到会话 session-history-perf: 任务已分配: 任务-44 (分配给: history-perf-user)
22:44:00.013 [main] INFO com.workflow.component.NotificationManagerComponent -- 向用户发送通知: userId=history-perf-user, eventType=TASK_ASSIGNED, delivered=true
22:44:00.013 [main] INFO com.workflow.component.NotificationManagerComponent -- 发布任务分配事件: taskId=task-history-45, assignee=history-perf-user
22:44:00.013 [main] INFO com.workflow.component.NotificationManagerComponent -- 发布事件: eventType=TASK_ASSIGNED, sourceId=task-history-45
22:44:00.013 [main] INFO com.workflow.component.NotificationManagerComponent -- 发送WebSocket消息到会话 session-history-perf: 任务已分配: 任务-45 (分配给: history-perf-user)
22:44:00.013 [main] INFO com.workflow.component.NotificationManagerComponent -- 向用户发送通知: userId=history-perf-user, eventType=TASK_ASSIGNED, delivered=true
22:44:00.013 [main] INFO com.workflow.component.NotificationManagerComponent -- 发布任务分配事件: taskId=task-history-46, assignee=history-perf-user
22:44:00.013 [main] INFO com.workflow.component.NotificationManagerComponent -- 发布事件: eventType=TASK_ASSIGNED, sourceId=task-history-46
22:44:00.013 [main] INFO com.workflow.component.NotificationManagerComponent -- 发送WebSocket消息到会话 session-history-perf: 任务已分配: 任务-46 (分配给: history-perf-user)
22:44:00.013 [main] INFO com.workflow.component.NotificationManagerComponent -- 向用户发送通知: userId=history-perf-user, eventType=TASK_ASSIGNED, delivered=true
22:44:00.013 [main] INFO com.workflow.component.NotificationManagerComponent -- 发布任务分配事件: taskId=task-history-47, assignee=history-perf-user
22:44:00.013 [main] INFO com.workflow.component.NotificationManagerComponent -- 发布事件: eventType=TASK_ASSIGNED, sourceId=task-history-47
22:44:00.013 [main] INFO com.workflow.component.NotificationManagerComponent -- 发送WebSocket消息到会话 session-history-perf: 任务已分配: 任务-47 (分配给: history-perf-user)
22:44:00.013 [main] INFO com.workflow.component.NotificationManagerComponent -- 向用户发送通知: userId=history-perf-user, eventType=TASK_ASSIGNED, delivered=true
22:44:00.013 [main] INFO com.workflow.component.NotificationManagerComponent -- 发布任务分配事件: taskId=task-history-48, assignee=history-perf-user
22:44:00.013 [main] INFO com.workflow.component.NotificationManagerComponent -- 发布事件: eventType=TASK_ASSIGNED, sourceId=task-history-48
22:44:00.013 [main] INFO com.workflow.component.NotificationManagerComponent -- 发送WebSocket消息到会话 session-history-perf: 任务已分配: 任务-48 (分配给: history-perf-user)
22:44:00.013 [main] INFO com.workflow.component.NotificationManagerComponent -- 向用户发送通知: userId=history-perf-user, eventType=TASK_ASSIGNED, delivered=true
22:44:00.013 [main] INFO com.workflow.component.NotificationManagerComponent -- 发布任务分配事件: taskId=task-history-49, assignee=history-perf-user
22:44:00.013 [main] INFO com.workflow.component.NotificationManagerComponent -- 发布事件: eventType=TASK_ASSIGNED, sourceId=task-history-49
22:44:00.013 [main] INFO com.workflow.component.NotificationManagerComponent -- 发送WebSocket消息到会话 session-history-perf: 任务已分配: 任务-49 (分配给: history-perf-user)
22:44:00.013 [main] INFO com.workflow.component.NotificationManagerComponent -- 向用户发送通知: userId=history-perf-user, eventType=TASK_ASSIGNED, delivered=true
22:44:00.013 [main] INFO com.workflow.component.NotificationManagerComponent -- 发布任务分配事件: taskId=task-history-50, assignee=history-perf-user
22:44:00.013 [main] INFO com.workflow.component.NotificationManagerComponent -- 发布事件: eventType=TASK_ASSIGNED, sourceId=task-history-50
22:44:00.013 [main] INFO com.workflow.component.NotificationManagerComponent -- 发送WebSocket消息到会话 session-history-perf: 任务已分配: 任务-50 (分配给: history-perf-user)
22:44:00.013 [main] INFO com.workflow.component.NotificationManagerComponent -- 向用户发送通知: userId=history-perf-user, eventType=TASK_ASSIGNED, delivered=true
22:44:00.013 [main] INFO com.workflow.component.NotificationManagerComponent -- 发布任务分配事件: taskId=task-history-51, assignee=history-perf-user
22:44:00.013 [main] INFO com.workflow.component.NotificationManagerComponent -- 发布事件: eventType=TASK_ASSIGNED, sourceId=task-history-51
22:44:00.013 [main] INFO com.workflow.component.NotificationManagerComponent -- 发送WebSocket消息到会话 session-history-perf: 任务已分配: 任务-51 (分配给: history-perf-user)
22:44:00.013 [main] INFO com.workflow.component.NotificationManagerComponent -- 向用户发送通知: userId=history-perf-user, eventType=TASK_ASSIGNED, delivered=true
22:44:00.013 [main] INFO com.workflow.component.NotificationManagerComponent -- 发布任务分配事件: taskId=task-history-52, assignee=history-perf-user
22:44:00.013 [main] INFO com.workflow.component.NotificationManagerComponent -- 发布事件: eventType=TASK_ASSIGNED, sourceId=task-history-52
22:44:00.013 [main] INFO com.workflow.component.NotificationManagerComponent -- 发送WebSocket消息到会话 session-history-perf: 任务已分配: 任务-52 (分配给: history-perf-user)
22:44:00.013 [main] INFO com.workflow.component.NotificationManagerComponent -- 向用户发送通知: userId=history-perf-user, eventType=TASK_ASSIGNED, delivered=true
22:44:00.013 [main] INFO com.workflow.component.NotificationManagerComponent -- 发布任务分配事件: taskId=task-history-53, assignee=history-perf-user
22:44:00.013 [main] INFO com.workflow.component.NotificationManagerComponent -- 发布事件: eventType=TASK_ASSIGNED, sourceId=task-history-53
22:44:00.013 [main] INFO com.workflow.component.NotificationManagerComponent -- 发送WebSocket消息到会话 session-history-perf: 任务已分配: 任务-53 (分配给: history-perf-user)
22:44:00.013 [main] INFO com.workflow.component.NotificationManagerComponent -- 向用户发送通知: userId=history-perf-user, eventType=TASK_ASSIGNED, delivered=true
22:44:00.013 [main] INFO com.workflow.component.NotificationManagerComponent -- 发布任务分配事件: taskId=task-history-54, assignee=history-perf-user
22:44:00.013 [main] INFO com.workflow.component.NotificationManagerComponent -- 发布事件: eventType=TASK_ASSIGNED, sourceId=task-history-54
22:44:00.013 [main] INFO com.workflow.component.NotificationManagerComponent -- 发送WebSocket消息到会话 session-history-perf: 任务已分配: 任务-54 (分配给: history-perf-user)
22:44:00.013 [main] INFO com.workflow.component.NotificationManagerComponent -- 向用户发送通知: userId=history-perf-user, eventType=TASK_ASSIGNED, delivered=true
22:44:00.013 [main] INFO com.workflow.component.NotificationManagerComponent -- 发布任务分配事件: taskId=task-history-55, assignee=history-perf-user
22:44:00.013 [main] INFO com.workflow.component.NotificationManagerComponent -- 发布事件: eventType=TASK_ASSIGNED, sourceId=task-history-55
22:44:00.013 [main] INFO com.workflow.component.NotificationManagerComponent -- 发送WebSocket消息到会话 session-history-perf: 任务已分配: 任务-55 (分配给: history-perf-user)
22:44:00.013 [main] INFO com.workflow.component.NotificationManagerComponent -- 向用户发送通知: userId=history-perf-user, eventType=TASK_ASSIGNED, delivered=true
22:44:00.013 [main] INFO com.workflow.component.NotificationManagerComponent -- 发布任务分配事件: taskId=task-history-56, assignee=history-perf-user
22:44:00.013 [main] INFO com.workflow.component.NotificationManagerComponent -- 发布事件: eventType=TASK_ASSIGNED, sourceId=task-history-56
22:44:00.013 [main] INFO com.workflow.component.NotificationManagerComponent -- 发送WebSocket消息到会话 session-history-perf: 任务已分配: 任务-56 (分配给: history-perf-user)
22:44:00.013 [main] INFO com.workflow.component.NotificationManagerComponent -- 向用户发送通知: userId=history-perf-user, eventType=TASK_ASSIGNED, delivered=true
22:44:00.013 [main] INFO com.workflow.component.NotificationManagerComponent -- 发布任务分配事件: taskId=task-history-57, assignee=history-perf-user
22:44:00.013 [main] INFO com.workflow.component.NotificationManagerComponent -- 发布事件: eventType=TASK_ASSIGNED, sourceId=task-history-57
22:44:00.013 [main] INFO com.workflow.component.NotificationManagerComponent -- 发送WebSocket消息到会话 session-history-perf: 任务已分配: 任务-57 (分配给: history-perf-user)
22:44:00.013 [main] INFO com.workflow.component.NotificationManagerComponent -- 向用户发送通知: userId=history-perf-user, eventType=TASK_ASSIGNED, delivered=true
22:44:00.013 [main] INFO com.workflow.component.NotificationManagerComponent -- 发布任务分配事件: taskId=task-history-58, assignee=history-perf-user
22:44:00.013 [main] INFO com.workflow.component.NotificationManagerComponent -- 发布事件: eventType=TASK_ASSIGNED, sourceId=task-history-58
22:44:00.013 [main] INFO com.workflow.component.NotificationManagerComponent -- 发送WebSocket消息到会话 session-history-perf: 任务已分配: 任务-58 (分配给: history-perf-user)
22:44:00.013 [main] INFO com.workflow.component.NotificationManagerComponent -- 向用户发送通知: userId=history-perf-user, eventType=TASK_ASSIGNED, delivered=true
22:44:00.013 [main] INFO com.workflow.component.NotificationManagerComponent -- 发布任务分配事件: taskId=task-history-59, assignee=history-perf-user
22:44:00.013 [main] INFO com.workflow.component.NotificationManagerComponent -- 发布事件: eventType=TASK_ASSIGNED, sourceId=task-history-59
22:44:00.013 [main] INFO com.workflow.component.NotificationManagerComponent -- 发送WebSocket消息到会话 session-history-perf: 任务已分配: 任务-59 (分配给: history-perf-user)
22:44:00.013 [main] INFO com.workflow.component.NotificationManagerComponent -- 向用户发送通知: userId=history-perf-user, eventType=TASK_ASSIGNED, delivered=true
22:44:00.013 [main] INFO com.workflow.component.NotificationManagerComponent -- 发布任务分配事件: taskId=task-history-60, assignee=history-perf-user
22:44:00.013 [main] INFO com.workflow.component.NotificationManagerComponent -- 发布事件: eventType=TASK_ASSIGNED, sourceId=task-history-60
22:44:00.013 [main] INFO com.workflow.component.NotificationManagerComponent -- 发送WebSocket消息到会话 session-history-perf: 任务已分配: 任务-60 (分配给: history-perf-user)
22:44:00.013 [main] INFO com.workflow.component.NotificationManagerComponent -- 向用户发送通知: userId=history-perf-user, eventType=TASK_ASSIGNED, delivered=true
22:44:00.013 [main] INFO com.workflow.component.NotificationManagerComponent -- 发布任务分配事件: taskId=task-history-61, assignee=history-perf-user
22:44:00.013 [main] INFO com.workflow.component.NotificationManagerComponent -- 发布事件: eventType=TASK_ASSIGNED, sourceId=task-history-61
22:44:00.013 [main] INFO com.workflow.component.NotificationManagerComponent -- 发送WebSocket消息到会话 session-history-perf: 任务已分配: 任务-61 (分配给: history-perf-user)
22:44:00.013 [main] INFO com.workflow.component.NotificationManagerComponent -- 向用户发送通知: userId=history-perf-user, eventType=TASK_ASSIGNED, delivered=true
22:44:00.013 [main] INFO com.workflow.component.NotificationManagerComponent -- 发布任务分配事件: taskId=task-history-62, assignee=history-perf-user
22:44:00.014 [main] INFO com.workflow.component.NotificationManagerComponent -- 发布事件: eventType=TASK_ASSIGNED, sourceId=task-history-62
22:44:00.014 [main] INFO com.workflow.component.NotificationManagerComponent -- 发送WebSocket消息到会话 session-history-perf: 任务已分配: 任务-62 (分配给: history-perf-user)
22:44:00.014 [main] INFO com.workflow.component.NotificationManagerComponent -- 向用户发送通知: userId=history-perf-user, eventType=TASK_ASSIGNED, delivered=true
22:44:00.014 [main] INFO com.workflow.component.NotificationManagerComponent -- 发布任务分配事件: taskId=task-history-63, assignee=history-perf-user
22:44:00.014 [main] INFO com.workflow.component.NotificationManagerComponent -- 发布事件: eventType=TASK_ASSIGNED, sourceId=task-history-63
22:44:00.014 [main] INFO com.workflow.component.NotificationManagerComponent -- 发送WebSocket消息到会话 session-history-perf: 任务已分配: 任务-63 (分配给: history-perf-user)
22:44:00.014 [main] INFO com.workflow.component.NotificationManagerComponent -- 向用户发送通知: userId=history-perf-user, eventType=TASK_ASSIGNED, delivered=true
22:44:00.014 [main] INFO com.workflow.component.NotificationManagerComponent -- 发布任务分配事件: taskId=task-history-64, assignee=history-perf-user
22:44:00.014 [main] INFO com.workflow.component.NotificationManagerComponent -- 发布事件: eventType=TASK_ASSIGNED, sourceId=task-history-64
22:44:00.014 [main] INFO com.workflow.component.NotificationManagerComponent -- 发送WebSocket消息到会话 session-history-perf: 任务已分配: 任务-64 (分配给: history-perf-user)
22:44:00.014 [main] INFO com.workflow.component.NotificationManagerComponent -- 向用户发送通知: userId=history-perf-user, eventType=TASK_ASSIGNED, delivered=true
22:44:00.014 [main] INFO com.workflow.component.NotificationManagerComponent -- 发布任务分配事件: taskId=task-history-65, assignee=history-perf-user
22:44:00.014 [main] INFO com.workflow.component.NotificationManagerComponent -- 发布事件: eventType=TASK_ASSIGNED, sourceId=task-history-65
22:44:00.014 [main] INFO com.workflow.component.NotificationManagerComponent -- 发送WebSocket消息到会话 session-history-perf: 任务已分配: 任务-65 (分配给: history-perf-user)
22:44:00.014 [main] INFO com.workflow.component.NotificationManagerComponent -- 向用户发送通知: userId=history-perf-user, eventType=TASK_ASSIGNED, delivered=true
22:44:00.014 [main] INFO com.workflow.component.NotificationManagerComponent -- 发布任务分配事件: taskId=task-history-66, assignee=history-perf-user
22:44:00.014 [main] INFO com.workflow.component.NotificationManagerComponent -- 发布事件: eventType=TASK_ASSIGNED, sourceId=task-history-66
22:44:00.014 [main] INFO com.workflow.component.NotificationManagerComponent -- 发送WebSocket消息到会话 session-history-perf: 任务已分配: 任务-66 (分配给: history-perf-user)
22:44:00.014 [main] INFO com.workflow.component.NotificationManagerComponent -- 向用户发送通知: userId=history-perf-user, eventType=TASK_ASSIGNED, delivered=true
22:44:00.014 [main] INFO com.workflow.component.NotificationManagerComponent -- 发布任务分配事件: taskId=task-history-67, assignee=history-perf-user
22:44:00.014 [main] INFO com.workflow.component.NotificationManagerComponent -- 发布事件: eventType=TASK_ASSIGNED, sourceId=task-history-67
22:44:00.014 [main] INFO com.workflow.component.NotificationManagerComponent -- 发送WebSocket消息到会话 session-history-perf: 任务已分配: 任务-67 (分配给: history-perf-user)
22:44:00.014 [main] INFO com.workflow.component.NotificationManagerComponent -- 向用户发送通知: userId=history-perf-user, eventType=TASK_ASSIGNED, delivered=true
22:44:00.014 [main] INFO com.workflow.component.NotificationManagerComponent -- 发布任务分配事件: taskId=task-history-68, assignee=history-perf-user
22:44:00.014 [main] INFO com.workflow.component.NotificationManagerComponent -- 发布事件: eventType=TASK_ASSIGNED, sourceId=task-history-68
22:44:00.014 [main] INFO com.workflow.component.NotificationManagerComponent -- 发送WebSocket消息到会话 session-history-perf: 任务已分配: 任务-68 (分配给: history-perf-user)
22:44:00.014 [main] INFO com.workflow.component.NotificationManagerComponent -- 向用户发送通知: userId=history-perf-user, eventType=TASK_ASSIGNED, delivered=true
22:44:00.014 [main] INFO com.workflow.component.NotificationManagerComponent -- 发布任务分配事件: taskId=task-history-69, assignee=history-perf-user
22:44:00.014 [main] INFO com.workflow.component.NotificationManagerComponent -- 发布事件: eventType=TASK_ASSIGNED, sourceId=task-history-69
22:44:00.014 [main] INFO com.workflow.component.NotificationManagerComponent -- 发送WebSocket消息到会话 session-history-perf: 任务已分配: 任务-69 (分配给: history-perf-user)
22:44:00.014 [main] INFO com.workflow.component.NotificationManagerComponent -- 向用户发送通知: userId=history-perf-user, eventType=TASK_ASSIGNED, delivered=true
22:44:00.014 [main] INFO com.workflow.component.NotificationManagerComponent -- 发布任务分配事件: taskId=task-history-70, assignee=history-perf-user
22:44:00.014 [main] INFO com.workflow.component.NotificationManagerComponent -- 发布事件: eventType=TASK_ASSIGNED, sourceId=task-history-70
22:44:00.014 [main] INFO com.workflow.component.NotificationManagerComponent -- 发送WebSocket消息到会话 session-history-perf: 任务已分配: 任务-70 (分配给: history-perf-user)
22:44:00.014 [main] INFO com.workflow.component.NotificationManagerComponent -- 向用户发送通知: userId=history-perf-user, eventType=TASK_ASSIGNED, delivered=true
22:44:00.014 [main] INFO com.workflow.component.NotificationManagerComponent -- 发布任务分配事件: taskId=task-history-71, assignee=history-perf-user
22:44:00.014 [main] INFO com.workflow.component.NotificationManagerComponent -- 发布事件: eventType=TASK_ASSIGNED, sourceId=task-history-71
22:44:00.015 [main] INFO com.workflow.component.NotificationManagerComponent -- 发送WebSocket消息到会话 session-history-perf: 任务已分配: 任务-71 (分配给: history-perf-user)
22:44:00.015 [main] INFO com.workflow.component.NotificationManagerComponent -- 向用户发送通知: userId=history-perf-user, eventType=TASK_ASSIGNED, delivered=true
22:44:00.015 [main] INFO com.workflow.component.NotificationManagerComponent -- 发布任务分配事件: taskId=task-history-72, assignee=history-perf-user
22:44:00.015 [main] INFO com.workflow.component.NotificationManagerComponent -- 发布事件: eventType=TASK_ASSIGNED, sourceId=task-history-72
22:44:00.015 [main] INFO com.workflow.component.NotificationManagerComponent -- 发送WebSocket消息到会话 session-history-perf: 任务已分配: 任务-72 (分配给: history-perf-user)
22:44:00.015 [main] INFO com.workflow.component.NotificationManagerComponent -- 向用户发送通知: userId=history-perf-user, eventType=TASK_ASSIGNED, delivered=true
22:44:00.015 [main] INFO com.workflow.component.NotificationManagerComponent -- 发布任务分配事件: taskId=task-history-73, assignee=history-perf-user
22:44:00.016 [main] INFO com.workflow.component.NotificationManagerComponent -- 发布事件: eventType=TASK_ASSIGNED, sourceId=task-history-73
22:44:00.016 [main] INFO com.workflow.component.NotificationManagerComponent -- 发送WebSocket消息到会话 session-history-perf: 任务已分配: 任务-73 (分配给: history-perf-user)
22:44:00.016 [main] INFO com.workflow.component.NotificationManagerComponent -- 向用户发送通知: userId=history-perf-user, eventType=TASK_ASSIGNED, delivered=true
22:44:00.016 [main] INFO com.workflow.component.NotificationManagerComponent -- 发布任务分配事件: taskId=task-history-74, assignee=history-perf-user
22:44:00.016 [main] INFO com.workflow.component.NotificationManagerComponent -- 发布事件: eventType=TASK_ASSIGNED, sourceId=task-history-74
22:44:00.016 [main] INFO com.workflow.component.NotificationManagerComponent -- 发送WebSocket消息到会话 session-history-perf: 任务已分配: 任务-74 (分配给: history-perf-user)
22:44:00.016 [main] INFO com.workflow.component.NotificationManagerComponent -- 向用户发送通知: userId=history-perf-user, eventType=TASK_ASSIGNED, delivered=true
22:44:00.016 [main] INFO com.workflow.component.NotificationManagerComponent -- 发布任务分配事件: taskId=task-history-75, assignee=history-perf-user
22:44:00.016 [main] INFO com.workflow.component.NotificationManagerComponent -- 发布事件: eventType=TASK_ASSIGNED, sourceId=task-history-75
22:44:00.016 [main] INFO com.workflow.component.NotificationManagerComponent -- 发送WebSocket消息到会话 session-history-perf: 任务已分配: 任务-75 (分配给: history-perf-user)
22:44:00.016 [main] INFO com.workflow.component.NotificationManagerComponent -- 向用户发送通知: userId=history-perf-user, eventType=TASK_ASSIGNED, delivered=true
22:44:00.016 [main] INFO com.workflow.component.NotificationManagerComponent -- 发布任务分配事件: taskId=task-history-76, assignee=history-perf-user
22:44:00.016 [main] INFO com.workflow.component.NotificationManagerComponent -- 发布事件: eventType=TASK_ASSIGNED, sourceId=task-history-76
22:44:00.016 [main] INFO com.workflow.component.NotificationManagerComponent -- 发送WebSocket消息到会话 session-history-perf: 任务已分配: 任务-76 (分配给: history-perf-user)
22:44:00.016 [main] INFO com.workflow.component.NotificationManagerComponent -- 向用户发送通知: userId=history-perf-user, eventType=TASK_ASSIGNED, delivered=true
22:44:00.016 [main] INFO com.workflow.component.NotificationManagerComponent -- 发布任务分配事件: taskId=task-history-77, assignee=history-perf-user
22:44:00.016 [main] INFO com.workflow.component.NotificationManagerComponent -- 发布事件: eventType=TASK_ASSIGNED, sourceId=task-history-77
22:44:00.016 [main] INFO com.workflow.component.NotificationManagerComponent -- 发送WebSocket消息到会话 session-history-perf: 任务已分配: 任务-77 (分配给: history-perf-user)
22:44:00.016 [main] INFO com.workflow.component.NotificationManagerComponent -- 向用户发送通知: userId=history-perf-user, eventType=TASK_ASSIGNED, delivered=true
22:44:00.016 [main] INFO com.workflow.component.NotificationManagerComponent -- 发布任务分配事件: taskId=task-history-78, assignee=history-perf-user
22:44:00.016 [main] INFO com.workflow.component.NotificationManagerComponent -- 发布事件: eventType=TASK_ASSIGNED, sourceId=task-history-78
22:44:00.016 [main] INFO com.workflow.component.NotificationManagerComponent -- 发送WebSocket消息到会话 session-history-perf: 任务已分配: 任务-78 (分配给: history-perf-user)
22:44:00.016 [main] INFO com.workflow.component.NotificationManagerComponent -- 向用户发送通知: userId=history-perf-user, eventType=TASK_ASSIGNED, delivered=true
22:44:00.016 [main] INFO com.workflow.component.NotificationManagerComponent -- 发布任务分配事件: taskId=task-history-79, assignee=history-perf-user
22:44:00.016 [main] INFO com.workflow.component.NotificationManagerComponent -- 发布事件: eventType=TASK_ASSIGNED, sourceId=task-history-79
22:44:00.016 [main] INFO com.workflow.component.NotificationManagerComponent -- 发送WebSocket消息到会话 session-history-perf: 任务已分配: 任务-79 (分配给: history-perf-user)
22:44:00.016 [main] INFO com.workflow.component.NotificationManagerComponent -- 向用户发送通知: userId=history-perf-user, eventType=TASK_ASSIGNED, delivered=true
22:44:00.016 [main] INFO com.workflow.component.NotificationManagerComponent -- 发布任务分配事件: taskId=task-history-80, assignee=history-perf-user
22:44:00.016 [main] INFO com.workflow.component.NotificationManagerComponent -- 发布事件: eventType=TASK_ASSIGNED, sourceId=task-history-80
22:44:00.016 [main] INFO com.workflow.component.NotificationManagerComponent -- 发送WebSocket消息到会话 session-history-perf: 任务已分配: 任务-80 (分配给: history-perf-user)
22:44:00.016 [main] INFO com.workflow.component.NotificationManagerComponent -- 向用户发送通知: userId=history-perf-user, eventType=TASK_ASSIGNED, delivered=true
22:44:00.016 [main] INFO com.workflow.component.NotificationManagerComponent -- 发布任务分配事件: taskId=task-history-81, assignee=history-perf-user
22:44:00.016 [main] INFO com.workflow.component.NotificationManagerComponent -- 发布事件: eventType=TASK_ASSIGNED, sourceId=task-history-81
22:44:00.016 [main] INFO com.workflow.component.NotificationManagerComponent -- 发送WebSocket消息到会话 session-history-perf: 任务已分配: 任务-81 (分配给: history-perf-user)
22:44:00.016 [main] INFO com.workflow.component.NotificationManagerComponent -- 向用户发送通知: userId=history-perf-user, eventType=TASK_ASSIGNED, delivered=true
22:44:00.017 [main] INFO com.workflow.component.NotificationManagerComponent -- 发布任务分配事件: taskId=task-history-82, assignee=history-perf-user
22:44:00.017 [main] INFO com.workflow.component.NotificationManagerComponent -- 发布事件: eventType=TASK_ASSIGNED, sourceId=task-history-82
22:44:00.017 [main] INFO com.workflow.component.NotificationManagerComponent -- 发送WebSocket消息到会话 session-history-perf: 任务已分配: 任务-82 (分配给: history-perf-user)
22:44:00.017 [main] INFO com.workflow.component.NotificationManagerComponent -- 向用户发送通知: userId=history-perf-user, eventType=TASK_ASSIGNED, delivered=true
22:44:00.017 [main] INFO com.workflow.component.NotificationManagerComponent -- 发布任务分配事件: taskId=task-history-83, assignee=history-perf-user
22:44:00.017 [main] INFO com.workflow.component.NotificationManagerComponent -- 发布事件: eventType=TASK_ASSIGNED, sourceId=task-history-83
22:44:00.017 [main] INFO com.workflow.component.NotificationManagerComponent -- 发送WebSocket消息到会话 session-history-perf: 任务已分配: 任务-83 (分配给: history-perf-user)
22:44:00.017 [main] INFO com.workflow.component.NotificationManagerComponent -- 向用户发送通知: userId=history-perf-user, eventType=TASK_ASSIGNED, delivered=true
22:44:00.017 [main] INFO com.workflow.component.NotificationManagerComponent -- 发布任务分配事件: taskId=task-history-84, assignee=history-perf-user
22:44:00.017 [main] INFO com.workflow.component.NotificationManagerComponent -- 发布事件: eventType=TASK_ASSIGNED, sourceId=task-history-84
22:44:00.017 [main] INFO com.workflow.component.NotificationManagerComponent -- 发送WebSocket消息到会话 session-history-perf: 任务已分配: 任务-84 (分配给: history-perf-user)
22:44:00.017 [main] INFO com.workflow.component.NotificationManagerComponent -- 向用户发送通知: userId=history-perf-user, eventType=TASK_ASSIGNED, delivered=true
22:44:00.017 [main] INFO com.workflow.component.NotificationManagerComponent -- 发布任务分配事件: taskId=task-history-85, assignee=history-perf-user
22:44:00.017 [main] INFO com.workflow.component.NotificationManagerComponent -- 发布事件: eventType=TASK_ASSIGNED, sourceId=task-history-85
22:44:00.017 [main] INFO com.workflow.component.NotificationManagerComponent -- 发送WebSocket消息到会话 session-history-perf: 任务已分配: 任务-85 (分配给: history-perf-user)
22:44:00.017 [main] INFO com.workflow.component.NotificationManagerComponent -- 向用户发送通知: userId=history-perf-user, eventType=TASK_ASSIGNED, delivered=true
22:44:00.017 [main] INFO com.workflow.component.NotificationManagerComponent -- 发布任务分配事件: taskId=task-history-86, assignee=history-perf-user
22:44:00.017 [main] INFO com.workflow.component.NotificationManagerComponent -- 发布事件: eventType=TASK_ASSIGNED, sourceId=task-history-86
22:44:00.017 [main] INFO com.workflow.component.NotificationManagerComponent -- 发送WebSocket消息到会话 session-history-perf: 任务已分配: 任务-86 (分配给: history-perf-user)
22:44:00.017 [main] INFO com.workflow.component.NotificationManagerComponent -- 向用户发送通知: userId=history-perf-user, eventType=TASK_ASSIGNED, delivered=true
22:44:00.017 [main] INFO com.workflow.component.NotificationManagerComponent -- 发布任务分配事件: taskId=task-history-87, assignee=history-perf-user
22:44:00.017 [main] INFO com.workflow.component.NotificationManagerComponent -- 发布事件: eventType=TASK_ASSIGNED, sourceId=task-history-87
22:44:00.017 [main] INFO com.workflow.component.NotificationManagerComponent -- 发送WebSocket消息到会话 session-history-perf: 任务已分配: 任务-87 (分配给: history-perf-user)
22:44:00.017 [main] INFO com.workflow.component.NotificationManagerComponent -- 向用户发送通知: userId=history-perf-user, eventType=TASK_ASSIGNED, delivered=true
22:44:00.017 [main] INFO com.workflow.component.NotificationManagerComponent -- 发布任务分配事件: taskId=task-history-88, assignee=history-perf-user
22:44:00.018 [main] INFO com.workflow.component.NotificationManagerComponent -- 发布事件: eventType=TASK_ASSIGNED, sourceId=task-history-88
22:44:00.018 [main] INFO com.workflow.component.NotificationManagerComponent -- 发送WebSocket消息到会话 session-history-perf: 任务已分配: 任务-88 (分配给: history-perf-user)
22:44:00.018 [main] INFO com.workflow.component.NotificationManagerComponent -- 向用户发送通知: userId=history-perf-user, eventType=TASK_ASSIGNED, delivered=true
22:44:00.018 [main] INFO com.workflow.component.NotificationManagerComponent -- 发布任务分配事件: taskId=task-history-89, assignee=history-perf-user
22:44:00.018 [main] INFO com.workflow.component.NotificationManagerComponent -- 发布事件: eventType=TASK_ASSIGNED, sourceId=task-history-89
22:44:00.018 [main] INFO com.workflow.component.NotificationManagerComponent -- 发送WebSocket消息到会话 session-history-perf: 任务已分配: 任务-89 (分配给: history-perf-user)
22:44:00.018 [main] INFO com.workflow.component.NotificationManagerComponent -- 向用户发送通知: userId=history-perf-user, eventType=TASK_ASSIGNED, delivered=true
22:44:00.018 [main] INFO com.workflow.component.NotificationManagerComponent -- 发布任务分配事件: taskId=task-history-90, assignee=history-perf-user
22:44:00.018 [main] INFO com.workflow.component.NotificationManagerComponent -- 发布事件: eventType=TASK_ASSIGNED, sourceId=task-history-90
22:44:00.018 [main] INFO com.workflow.component.NotificationManagerComponent -- 发送WebSocket消息到会话 session-history-perf: 任务已分配: 任务-90 (分配给: history-perf-user)
22:44:00.018 [main] INFO com.workflow.component.NotificationManagerComponent -- 向用户发送通知: userId=history-perf-user, eventType=TASK_ASSIGNED, delivered=true
22:44:00.018 [main] INFO com.workflow.component.NotificationManagerComponent -- 发布任务分配事件: taskId=task-history-91, assignee=history-perf-user
22:44:00.018 [main] INFO com.workflow.component.NotificationManagerComponent -- 发布事件: eventType=TASK_ASSIGNED, sourceId=task-history-91
22:44:00.018 [main] INFO com.workflow.component.NotificationManagerComponent -- 发送WebSocket消息到会话 session-history-perf: 任务已分配: 任务-91 (分配给: history-perf-user)
22:44:00.018 [main] INFO com.workflow.component.NotificationManagerComponent -- 向用户发送通知: userId=history-perf-user, eventType=TASK_ASSIGNED, delivered=true
22:44:00.018 [main] INFO com.workflow.component.NotificationManagerComponent -- 发布任务分配事件: taskId=task-history-92, assignee=history-perf-user
22:44:00.018 [main] INFO com.workflow.component.NotificationManagerComponent -- 发布事件: eventType=TASK_ASSIGNED, sourceId=task-history-92
22:44:00.018 [main] INFO com.workflow.component.NotificationManagerComponent -- 发送WebSocket消息到会话 session-history-perf: 任务已分配: 任务-92 (分配给: history-perf-user)
22:44:00.018 [main] INFO com.workflow.component.NotificationManagerComponent -- 向用户发送通知: userId=history-perf-user, eventType=TASK_ASSIGNED, delivered=true
22:44:00.018 [main] INFO com.workflow.component.NotificationManagerComponent -- 发布任务分配事件: taskId=task-history-93, assignee=history-perf-user
22:44:00.018 [main] INFO com.workflow.component.NotificationManagerComponent -- 发布事件: eventType=TASK_ASSIGNED, sourceId=task-history-93
22:44:00.018 [main] INFO com.workflow.component.NotificationManagerComponent -- 发送WebSocket消息到会话 session-history-perf: 任务已分配: 任务-93 (分配给: history-perf-user)
22:44:00.018 [main] INFO com.workflow.component.NotificationManagerComponent -- 向用户发送通知: userId=history-perf-user, eventType=TASK_ASSIGNED, delivered=true
22:44:00.018 [main] INFO com.workflow.component.NotificationManagerComponent -- 发布任务分配事件: taskId=task-history-94, assignee=history-perf-user
22:44:00.018 [main] INFO com.workflow.component.NotificationManagerComponent -- 发布事件: eventType=TASK_ASSIGNED, sourceId=task-history-94
22:44:00.018 [main] INFO com.workflow.component.NotificationManagerComponent -- 发送WebSocket消息到会话 session-history-perf: 任务已分配: 任务-94 (分配给: history-perf-user)
22:44:00.018 [main] INFO com.workflow.component.NotificationManagerComponent -- 向用户发送通知: userId=history-perf-user, eventType=TASK_ASSIGNED, delivered=true
22:44:00.018 [main] INFO com.workflow.component.NotificationManagerComponent -- 发布任务分配事件: taskId=task-history-95, assignee=history-perf-user
22:44:00.018 [main] INFO com.workflow.component.NotificationManagerComponent -- 发布事件: eventType=TASK_ASSIGNED, sourceId=task-history-95
22:44:00.018 [main] INFO com.workflow.component.NotificationManagerComponent -- 发送WebSocket消息到会话 session-history-perf: 任务已分配: 任务-95 (分配给: history-perf-user)
22:44:00.018 [main] INFO com.workflow.component.NotificationManagerComponent -- 向用户发送通知: userId=history-perf-user, eventType=TASK_ASSIGNED, delivered=true
22:44:00.018 [main] INFO com.workflow.component.NotificationManagerComponent -- 发布任务分配事件: taskId=task-history-96, assignee=history-perf-user
22:44:00.018 [main] INFO com.workflow.component.NotificationManagerComponent -- 发布事件: eventType=TASK_ASSIGNED, sourceId=task-history-96
22:44:00.018 [main] INFO com.workflow.component.NotificationManagerComponent -- 发送WebSocket消息到会话 session-history-perf: 任务已分配: 任务-96 (分配给: history-perf-user)
22:44:00.018 [main] INFO com.workflow.component.NotificationManagerComponent -- 向用户发送通知: userId=history-perf-user, eventType=TASK_ASSIGNED, delivered=true
22:44:00.018 [main] INFO com.workflow.component.NotificationManagerComponent -- 发布任务分配事件: taskId=task-history-97, assignee=history-perf-user
22:44:00.019 [main] INFO com.workflow.component.NotificationManagerComponent -- 发布事件: eventType=TASK_ASSIGNED, sourceId=task-history-97
22:44:00.019 [main] INFO com.workflow.component.NotificationManagerComponent -- 发送WebSocket消息到会话 session-history-perf: 任务已分配: 任务-97 (分配给: history-perf-user)
22:44:00.019 [main] INFO com.workflow.component.NotificationManagerComponent -- 向用户发送通知: userId=history-perf-user, eventType=TASK_ASSIGNED, delivered=true
22:44:00.019 [main] INFO com.workflow.component.NotificationManagerComponent -- 发布任务分配事件: taskId=task-history-98, assignee=history-perf-user
22:44:00.019 [main] INFO com.workflow.component.NotificationManagerComponent -- 发布事件: eventType=TASK_ASSIGNED, sourceId=task-history-98
22:44:00.019 [main] INFO com.workflow.component.NotificationManagerComponent -- 发送WebSocket消息到会话 session-history-perf: 任务已分配: 任务-98 (分配给: history-perf-user)
22:44:00.019 [main] INFO com.workflow.component.NotificationManagerComponent -- 向用户发送通知: userId=history-perf-user, eventType=TASK_ASSIGNED, delivered=true
22:44:00.019 [main] INFO com.workflow.component.NotificationManagerComponent -- 发布任务分配事件: taskId=task-history-99, assignee=history-perf-user
22:44:00.019 [main] INFO com.workflow.component.NotificationManagerComponent -- 发布事件: eventType=TASK_ASSIGNED, sourceId=task-history-99
22:44:00.019 [main] INFO com.workflow.component.NotificationManagerComponent -- 发送WebSocket消息到会话 session-history-perf: 任务已分配: 任务-99 (分配给: history-perf-user)
22:44:00.019 [main] INFO com.workflow.component.NotificationManagerComponent -- 向用户发送通知: userId=history-perf-user, eventType=TASK_ASSIGNED, delivered=true
22:44:00.019 [main] INFO com.workflow.component.NotificationManagerComponent -- 获取通知历史记录: userId=history-perf-user, limit=50
=== 通知历史查询性能 ===
历史记录数: 50
查询耗时: 0ms
]]></system-out>
  </testcase>
  <testcase name="largeSubscriberNotificationPerformance" classname="com.workflow.integration.PerformanceIntegrationTest$NotificationPerformanceTests" time="0.037">
    <system-out><![CDATA[22:44:00.032 [main] INFO com.workflow.component.SecurityManagerComponent -- 定义角色权限: role=ADMIN, permissions=[*:*]
22:44:00.033 [main] INFO com.workflow.component.SecurityManagerComponent -- 定义角色权限: role=MANAGER, permissions=[TASK:*, REPORT:*, PROCESS:*, USER:VIEW]
22:44:00.033 [main] INFO com.workflow.component.SecurityManagerComponent -- 定义角色权限: role=USER, permissions=[TASK:VIEW, TASK:COMPLETE, PROCESS:START, PROCESS:VIEW, TASK:CLAIM]
22:44:00.033 [main] INFO com.workflow.component.SecurityManagerComponent -- 默认角色权限初始化完成
22:44:00.034 [main] INFO com.workflow.component.NotificationManagerComponent -- 注册WebSocket会话: sessionId=session-0, userId=subscriber-0
22:44:00.034 [main] INFO com.workflow.component.NotificationManagerComponent -- 发布事件: eventType=SESSION_CONNECTED, sourceId=session-0
22:44:00.034 [main] INFO com.workflow.component.NotificationManagerComponent -- 订阅事件: eventType=PROCESS_COMPLETED, userId=subscriber-0, filters=null
22:44:00.034 [main] INFO com.workflow.component.NotificationManagerComponent -- 注册WebSocket会话: sessionId=session-1, userId=subscriber-1
22:44:00.034 [main] INFO com.workflow.component.NotificationManagerComponent -- 发布事件: eventType=SESSION_CONNECTED, sourceId=session-1
22:44:00.034 [main] INFO com.workflow.component.NotificationManagerComponent -- 订阅事件: eventType=PROCESS_COMPLETED, userId=subscriber-1, filters=null
22:44:00.034 [main] INFO com.workflow.component.NotificationManagerComponent -- 注册WebSocket会话: sessionId=session-2, userId=subscriber-2
22:44:00.034 [main] INFO com.workflow.component.NotificationManagerComponent -- 发布事件: eventType=SESSION_CONNECTED, sourceId=session-2
22:44:00.034 [main] INFO com.workflow.component.NotificationManagerComponent -- 订阅事件: eventType=PROCESS_COMPLETED, userId=subscriber-2, filters=null
22:44:00.034 [main] INFO com.workflow.component.NotificationManagerComponent -- 注册WebSocket会话: sessionId=session-3, userId=subscriber-3
22:44:00.035 [main] INFO com.workflow.component.NotificationManagerComponent -- 发布事件: eventType=SESSION_CONNECTED, sourceId=session-3
22:44:00.035 [main] INFO com.workflow.component.NotificationManagerComponent -- 订阅事件: eventType=PROCESS_COMPLETED, userId=subscriber-3, filters=null
22:44:00.035 [main] INFO com.workflow.component.NotificationManagerComponent -- 注册WebSocket会话: sessionId=session-4, userId=subscriber-4
22:44:00.035 [main] INFO com.workflow.component.NotificationManagerComponent -- 发布事件: eventType=SESSION_CONNECTED, sourceId=session-4
22:44:00.035 [main] INFO com.workflow.component.NotificationManagerComponent -- 订阅事件: eventType=PROCESS_COMPLETED, userId=subscriber-4, filters=null
22:44:00.035 [main] INFO com.workflow.component.NotificationManagerComponent -- 注册WebSocket会话: sessionId=session-5, userId=subscriber-5
22:44:00.035 [main] INFO com.workflow.component.NotificationManagerComponent -- 发布事件: eventType=SESSION_CONNECTED, sourceId=session-5
22:44:00.035 [main] INFO com.workflow.component.NotificationManagerComponent -- 订阅事件: eventType=PROCESS_COMPLETED, userId=subscriber-5, filters=null
22:44:00.035 [main] INFO com.workflow.component.NotificationManagerComponent -- 注册WebSocket会话: sessionId=session-6, userId=subscriber-6
22:44:00.035 [main] INFO com.workflow.component.NotificationManagerComponent -- 发布事件: eventType=SESSION_CONNECTED, sourceId=session-6
22:44:00.035 [main] INFO com.workflow.component.NotificationManagerComponent -- 订阅事件: eventType=PROCESS_COMPLETED, userId=subscriber-6, filters=null
22:44:00.035 [main] INFO com.workflow.component.NotificationManagerComponent -- 注册WebSocket会话: sessionId=session-7, userId=subscriber-7
22:44:00.035 [main] INFO com.workflow.component.NotificationManagerComponent -- 发布事件: eventType=SESSION_CONNECTED, sourceId=session-7
22:44:00.035 [main] INFO com.workflow.component.NotificationManagerComponent -- 订阅事件: eventType=PROCESS_COMPLETED, userId=subscriber-7, filters=null
22:44:00.035 [main] INFO com.workflow.component.NotificationManagerComponent -- 注册WebSocket会话: sessionId=session-8, userId=subscriber-8
22:44:00.035 [main] INFO com.workflow.component.NotificationManagerComponent -- 发布事件: eventType=SESSION_CONNECTED, sourceId=session-8
22:44:00.036 [main] INFO com.workflow.component.NotificationManagerComponent -- 订阅事件: eventType=PROCESS_COMPLETED, userId=subscriber-8, filters=null
22:44:00.036 [main] INFO com.workflow.component.NotificationManagerComponent -- 注册WebSocket会话: sessionId=session-9, userId=subscriber-9
22:44:00.036 [main] INFO com.workflow.component.NotificationManagerComponent -- 发布事件: eventType=SESSION_CONNECTED, sourceId=session-9
22:44:00.036 [main] INFO com.workflow.component.NotificationManagerComponent -- 订阅事件: eventType=PROCESS_COMPLETED, userId=subscriber-9, filters=null
22:44:00.036 [main] INFO com.workflow.component.NotificationManagerComponent -- 注册WebSocket会话: sessionId=session-10, userId=subscriber-10
22:44:00.036 [main] INFO com.workflow.component.NotificationManagerComponent -- 发布事件: eventType=SESSION_CONNECTED, sourceId=session-10
22:44:00.036 [main] INFO com.workflow.component.NotificationManagerComponent -- 订阅事件: eventType=PROCESS_COMPLETED, userId=subscriber-10, filters=null
22:44:00.036 [main] INFO com.workflow.component.NotificationManagerComponent -- 注册WebSocket会话: sessionId=session-11, userId=subscriber-11
22:44:00.036 [main] INFO com.workflow.component.NotificationManagerComponent -- 发布事件: eventType=SESSION_CONNECTED, sourceId=session-11
22:44:00.036 [main] INFO com.workflow.component.NotificationManagerComponent -- 订阅事件: eventType=PROCESS_COMPLETED, userId=subscriber-11, filters=null
22:44:00.036 [main] INFO com.workflow.component.NotificationManagerComponent -- 注册WebSocket会话: sessionId=session-12, userId=subscriber-12
22:44:00.036 [main] INFO com.workflow.component.NotificationManagerComponent -- 发布事件: eventType=SESSION_CONNECTED, sourceId=session-12
22:44:00.036 [main] INFO com.workflow.component.NotificationManagerComponent -- 订阅事件: eventType=PROCESS_COMPLETED, userId=subscriber-12, filters=null
22:44:00.036 [main] INFO com.workflow.component.NotificationManagerComponent -- 注册WebSocket会话: sessionId=session-13, userId=subscriber-13
22:44:00.036 [main] INFO com.workflow.component.NotificationManagerComponent -- 发布事件: eventType=SESSION_CONNECTED, sourceId=session-13
22:44:00.036 [main] INFO com.workflow.component.NotificationManagerComponent -- 订阅事件: eventType=PROCESS_COMPLETED, userId=subscriber-13, filters=null
22:44:00.036 [main] INFO com.workflow.component.NotificationManagerComponent -- 注册WebSocket会话: sessionId=session-14, userId=subscriber-14
22:44:00.036 [main] INFO com.workflow.component.NotificationManagerComponent -- 发布事件: eventType=SESSION_CONNECTED, sourceId=session-14
22:44:00.036 [main] INFO com.workflow.component.NotificationManagerComponent -- 订阅事件: eventType=PROCESS_COMPLETED, userId=subscriber-14, filters=null
22:44:00.036 [main] INFO com.workflow.component.NotificationManagerComponent -- 注册WebSocket会话: sessionId=session-15, userId=subscriber-15
22:44:00.036 [main] INFO com.workflow.component.NotificationManagerComponent -- 发布事件: eventType=SESSION_CONNECTED, sourceId=session-15
22:44:00.036 [main] INFO com.workflow.component.NotificationManagerComponent -- 订阅事件: eventType=PROCESS_COMPLETED, userId=subscriber-15, filters=null
22:44:00.036 [main] INFO com.workflow.component.NotificationManagerComponent -- 注册WebSocket会话: sessionId=session-16, userId=subscriber-16
22:44:00.036 [main] INFO com.workflow.component.NotificationManagerComponent -- 发布事件: eventType=SESSION_CONNECTED, sourceId=session-16
22:44:00.036 [main] INFO com.workflow.component.NotificationManagerComponent -- 订阅事件: eventType=PROCESS_COMPLETED, userId=subscriber-16, filters=null
22:44:00.036 [main] INFO com.workflow.component.NotificationManagerComponent -- 注册WebSocket会话: sessionId=session-17, userId=subscriber-17
22:44:00.036 [main] INFO com.workflow.component.NotificationManagerComponent -- 发布事件: eventType=SESSION_CONNECTED, sourceId=session-17
22:44:00.036 [main] INFO com.workflow.component.NotificationManagerComponent -- 订阅事件: eventType=PROCESS_COMPLETED, userId=subscriber-17, filters=null
22:44:00.036 [main] INFO com.workflow.component.NotificationManagerComponent -- 注册WebSocket会话: sessionId=session-18, userId=subscriber-18
22:44:00.036 [main] INFO com.workflow.component.NotificationManagerComponent -- 发布事件: eventType=SESSION_CONNECTED, sourceId=session-18
22:44:00.036 [main] INFO com.workflow.component.NotificationManagerComponent -- 订阅事件: eventType=PROCESS_COMPLETED, userId=subscriber-18, filters=null
22:44:00.036 [main] INFO com.workflow.component.NotificationManagerComponent -- 注册WebSocket会话: sessionId=session-19, userId=subscriber-19
22:44:00.036 [main] INFO com.workflow.component.NotificationManagerComponent -- 发布事件: eventType=SESSION_CONNECTED, sourceId=session-19
22:44:00.036 [main] INFO com.workflow.component.NotificationManagerComponent -- 订阅事件: eventType=PROCESS_COMPLETED, userId=subscriber-19, filters=null
22:44:00.036 [main] INFO com.workflow.component.NotificationManagerComponent -- 注册WebSocket会话: sessionId=session-20, userId=subscriber-20
22:44:00.036 [main] INFO com.workflow.component.NotificationManagerComponent -- 发布事件: eventType=SESSION_CONNECTED, sourceId=session-20
22:44:00.036 [main] INFO com.workflow.component.NotificationManagerComponent -- 订阅事件: eventType=PROCESS_COMPLETED, userId=subscriber-20, filters=null
22:44:00.036 [main] INFO com.workflow.component.NotificationManagerComponent -- 注册WebSocket会话: sessionId=session-21, userId=subscriber-21
22:44:00.036 [main] INFO com.workflow.component.NotificationManagerComponent -- 发布事件: eventType=SESSION_CONNECTED, sourceId=session-21
22:44:00.036 [main] INFO com.workflow.component.NotificationManagerComponent -- 订阅事件: eventType=PROCESS_COMPLETED, userId=subscriber-21, filters=null
22:44:00.036 [main] INFO com.workflow.component.NotificationManagerComponent -- 注册WebSocket会话: sessionId=session-22, userId=subscriber-22
22:44:00.036 [main] INFO com.workflow.component.NotificationManagerComponent -- 发布事件: eventType=SESSION_CONNECTED, sourceId=session-22
22:44:00.038 [main] INFO com.workflow.component.NotificationManagerComponent -- 订阅事件: eventType=PROCESS_COMPLETED, userId=subscriber-22, filters=null
22:44:00.039 [main] INFO com.workflow.component.NotificationManagerComponent -- 注册WebSocket会话: sessionId=session-23, userId=subscriber-23
22:44:00.039 [main] INFO com.workflow.component.NotificationManagerComponent -- 发布事件: eventType=SESSION_CONNECTED, sourceId=session-23
22:44:00.039 [main] INFO com.workflow.component.NotificationManagerComponent -- 订阅事件: eventType=PROCESS_COMPLETED, userId=subscriber-23, filters=null
22:44:00.039 [main] INFO com.workflow.component.NotificationManagerComponent -- 注册WebSocket会话: sessionId=session-24, userId=subscriber-24
22:44:00.039 [main] INFO com.workflow.component.NotificationManagerComponent -- 发布事件: eventType=SESSION_CONNECTED, sourceId=session-24
22:44:00.039 [main] INFO com.workflow.component.NotificationManagerComponent -- 订阅事件: eventType=PROCESS_COMPLETED, userId=subscriber-24, filters=null
22:44:00.039 [main] INFO com.workflow.component.NotificationManagerComponent -- 注册WebSocket会话: sessionId=session-25, userId=subscriber-25
22:44:00.039 [main] INFO com.workflow.component.NotificationManagerComponent -- 发布事件: eventType=SESSION_CONNECTED, sourceId=session-25
22:44:00.039 [main] INFO com.workflow.component.NotificationManagerComponent -- 订阅事件: eventType=PROCESS_COMPLETED, userId=subscriber-25, filters=null
22:44:00.039 [main] INFO com.workflow.component.NotificationManagerComponent -- 注册WebSocket会话: sessionId=session-26, userId=subscriber-26
22:44:00.039 [main] INFO com.workflow.component.NotificationManagerComponent -- 发布事件: eventType=SESSION_CONNECTED, sourceId=session-26
22:44:00.039 [main] INFO com.workflow.component.NotificationManagerComponent -- 订阅事件: eventType=PROCESS_COMPLETED, userId=subscriber-26, filters=null
22:44:00.039 [main] INFO com.workflow.component.NotificationManagerComponent -- 注册WebSocket会话: sessionId=session-27, userId=subscriber-27
22:44:00.040 [main] INFO com.workflow.component.NotificationManagerComponent -- 发布事件: eventType=SESSION_CONNECTED, sourceId=session-27
22:44:00.040 [main] INFO com.workflow.component.NotificationManagerComponent -- 订阅事件: eventType=PROCESS_COMPLETED, userId=subscriber-27, filters=null
22:44:00.040 [main] INFO com.workflow.component.NotificationManagerComponent -- 注册WebSocket会话: sessionId=session-28, userId=subscriber-28
22:44:00.040 [main] INFO com.workflow.component.NotificationManagerComponent -- 发布事件: eventType=SESSION_CONNECTED, sourceId=session-28
22:44:00.040 [main] INFO com.workflow.component.NotificationManagerComponent -- 订阅事件: eventType=PROCESS_COMPLETED, userId=subscriber-28, filters=null
22:44:00.040 [main] INFO com.workflow.component.NotificationManagerComponent -- 注册WebSocket会话: sessionId=session-29, userId=subscriber-29
22:44:00.040 [main] INFO com.workflow.component.NotificationManagerComponent -- 发布事件: eventType=SESSION_CONNECTED, sourceId=session-29
22:44:00.040 [main] INFO com.workflow.component.NotificationManagerComponent -- 订阅事件: eventType=PROCESS_COMPLETED, userId=subscriber-29, filters=null
22:44:00.040 [main] INFO com.workflow.component.NotificationManagerComponent -- 注册WebSocket会话: sessionId=session-30, userId=subscriber-30
22:44:00.040 [main] INFO com.workflow.component.NotificationManagerComponent -- 发布事件: eventType=SESSION_CONNECTED, sourceId=session-30
22:44:00.040 [main] INFO com.workflow.component.NotificationManagerComponent -- 订阅事件: eventType=PROCESS_COMPLETED, userId=subscriber-30, filters=null
22:44:00.040 [main] INFO com.workflow.component.NotificationManagerComponent -- 注册WebSocket会话: sessionId=session-31, userId=subscriber-31
22:44:00.040 [main] INFO com.workflow.component.NotificationManagerComponent -- 发布事件: eventType=SESSION_CONNECTED, sourceId=session-31
22:44:00.040 [main] INFO com.workflow.component.NotificationManagerComponent -- 订阅事件: eventType=PROCESS_COMPLETED, userId=subscriber-31, filters=null
22:44:00.040 [main] INFO com.workflow.component.NotificationManagerComponent -- 注册WebSocket会话: sessionId=session-32, userId=subscriber-32
22:44:00.040 [main] INFO com.workflow.component.NotificationManagerComponent -- 发布事件: eventType=SESSION_CONNECTED, sourceId=session-32
22:44:00.041 [main] INFO com.workflow.component.NotificationManagerComponent -- 订阅事件: eventType=PROCESS_COMPLETED, userId=subscriber-32, filters=null
22:44:00.041 [main] INFO com.workflow.component.NotificationManagerComponent -- 注册WebSocket会话: sessionId=session-33, userId=subscriber-33
22:44:00.041 [main] INFO com.workflow.component.NotificationManagerComponent -- 发布事件: eventType=SESSION_CONNECTED, sourceId=session-33
22:44:00.041 [main] INFO com.workflow.component.NotificationManagerComponent -- 订阅事件: eventType=PROCESS_COMPLETED, userId=subscriber-33, filters=null
22:44:00.041 [main] INFO com.workflow.component.NotificationManagerComponent -- 注册WebSocket会话: sessionId=session-34, userId=subscriber-34
22:44:00.041 [main] INFO com.workflow.component.NotificationManagerComponent -- 发布事件: eventType=SESSION_CONNECTED, sourceId=session-34
22:44:00.041 [main] INFO com.workflow.component.NotificationManagerComponent -- 订阅事件: eventType=PROCESS_COMPLETED, userId=subscriber-34, filters=null
22:44:00.041 [main] INFO com.workflow.component.NotificationManagerComponent -- 注册WebSocket会话: sessionId=session-35, userId=subscriber-35
22:44:00.041 [main] INFO com.workflow.component.NotificationManagerComponent -- 发布事件: eventType=SESSION_CONNECTED, sourceId=session-35
22:44:00.041 [main] INFO com.workflow.component.NotificationManagerComponent -- 订阅事件: eventType=PROCESS_COMPLETED, userId=subscriber-35, filters=null
22:44:00.041 [main] INFO com.workflow.component.NotificationManagerComponent -- 注册WebSocket会话: sessionId=session-36, userId=subscriber-36
22:44:00.041 [main] INFO com.workflow.component.NotificationManagerComponent -- 发布事件: eventType=SESSION_CONNECTED, sourceId=session-36
22:44:00.041 [main] INFO com.workflow.component.NotificationManagerComponent -- 订阅事件: eventType=PROCESS_COMPLETED, userId=subscriber-36, filters=null
22:44:00.041 [main] INFO com.workflow.component.NotificationManagerComponent -- 注册WebSocket会话: sessionId=session-37, userId=subscriber-37
22:44:00.041 [main] INFO com.workflow.component.NotificationManagerComponent -- 发布事件: eventType=SESSION_CONNECTED, sourceId=session-37
22:44:00.041 [main] INFO com.workflow.component.NotificationManagerComponent -- 订阅事件: eventType=PROCESS_COMPLETED, userId=subscriber-37, filters=null
22:44:00.041 [main] INFO com.workflow.component.NotificationManagerComponent -- 注册WebSocket会话: sessionId=session-38, userId=subscriber-38
22:44:00.041 [main] INFO com.workflow.component.NotificationManagerComponent -- 发布事件: eventType=SESSION_CONNECTED, sourceId=session-38
22:44:00.041 [main] INFO com.workflow.component.NotificationManagerComponent -- 订阅事件: eventType=PROCESS_COMPLETED, userId=subscriber-38, filters=null
22:44:00.041 [main] INFO com.workflow.component.NotificationManagerComponent -- 注册WebSocket会话: sessionId=session-39, userId=subscriber-39
22:44:00.041 [main] INFO com.workflow.component.NotificationManagerComponent -- 发布事件: eventType=SESSION_CONNECTED, sourceId=session-39
22:44:00.041 [main] INFO com.workflow.component.NotificationManagerComponent -- 订阅事件: eventType=PROCESS_COMPLETED, userId=subscriber-39, filters=null
22:44:00.042 [main] INFO com.workflow.component.NotificationManagerComponent -- 注册WebSocket会话: sessionId=session-40, userId=subscriber-40
22:44:00.042 [main] INFO com.workflow.component.NotificationManagerComponent -- 发布事件: eventType=SESSION_CONNECTED, sourceId=session-40
22:44:00.042 [main] INFO com.workflow.component.NotificationManagerComponent -- 订阅事件: eventType=PROCESS_COMPLETED, userId=subscriber-40, filters=null
22:44:00.042 [main] INFO com.workflow.component.NotificationManagerComponent -- 注册WebSocket会话: sessionId=session-41, userId=subscriber-41
22:44:00.042 [main] INFO com.workflow.component.NotificationManagerComponent -- 发布事件: eventType=SESSION_CONNECTED, sourceId=session-41
22:44:00.042 [main] INFO com.workflow.component.NotificationManagerComponent -- 订阅事件: eventType=PROCESS_COMPLETED, userId=subscriber-41, filters=null
22:44:00.042 [main] INFO com.workflow.component.NotificationManagerComponent -- 注册WebSocket会话: sessionId=session-42, userId=subscriber-42
22:44:00.042 [main] INFO com.workflow.component.NotificationManagerComponent -- 发布事件: eventType=SESSION_CONNECTED, sourceId=session-42
22:44:00.042 [main] INFO com.workflow.component.NotificationManagerComponent -- 订阅事件: eventType=PROCESS_COMPLETED, userId=subscriber-42, filters=null
22:44:00.042 [main] INFO com.workflow.component.NotificationManagerComponent -- 注册WebSocket会话: sessionId=session-43, userId=subscriber-43
22:44:00.042 [main] INFO com.workflow.component.NotificationManagerComponent -- 发布事件: eventType=SESSION_CONNECTED, sourceId=session-43
22:44:00.042 [main] INFO com.workflow.component.NotificationManagerComponent -- 订阅事件: eventType=PROCESS_COMPLETED, userId=subscriber-43, filters=null
[...]
22:44:00.052 [main] INFO com.workflow.component.NotificationManagerComponent -- 发送WebSocket消息到会话 session-35: 流程已完成: test-process (业务键: business-001)
22:44:00.052 [main] INFO com.workflow.component.NotificationManagerComponent -- 向用户发送通知: userId=subscriber-35, eventType=PROCESS_COMPLETED, delivered=true
22:44:00.052 [main] INFO com.workflow.component.NotificationManagerComponent -- 发送WebSocket消息到会话 session-36: 流程已完成: test-process (业务键: business-001)
22:44:00.052 [main] INFO com.workflow.component.NotificationManagerComponent -- 向用户发送通知: userId=subscriber-36, eventType=PROCESS_COMPLETED, delivered=true
22:44:00.052 [main] INFO com.workflow.component.NotificationManagerComponent -- 发送WebSocket消息到会话 session-37: 流程已完成: test-process (业务键: business-001)
22:44:00.052 [main] INFO com.workflow.component.NotificationManagerComponent -- 向用户发送通知: userId=subscriber-37, eventType=PROCESS_COMPLETED, delivered=true
22:44:00.052 [main] INFO com.workflow.component.NotificationManagerComponent -- 发送WebSocket消息到会话 session-38: 流程已完成: test-process (业务键: business-001)
22:44:00.052 [main] INFO com.workflow.component.NotificationManagerComponent -- 向用户发送通知: userId=subscriber-38, eventType=PROCESS_COMPLETED, delivered=true
22:44:00.052 [main] INFO com.workflow.component.NotificationManagerComponent -- 发送WebSocket消息到会话 session-39: 流程已完成: test-process (业务键: business-001)
22:44:00.052 [main] INFO com.workflow.component.NotificationManagerComponent -- 向用户发送通知: userId=subscriber-39, eventType=PROCESS_COMPLETED, delivered=true
22:44:00.052 [main] INFO com.workflow.component.NotificationManagerComponent -- 发送WebSocket消息到会话 session-40: 流程已完成: test-process (业务键: business-001)
22:44:00.052 [main] INFO com.workflow.component.NotificationManagerComponent -- 向用户发送通知: userId=subscriber-40, eventType=PROCESS_COMPLETED, delivered=true
22:44:00.052 [main] INFO com.workflow.component.NotificationManagerComponent -- 发送WebSocket消息到会话 session-41: 流程已完成: test-process (业务键: business-001)
22:44:00.052 [main] INFO com.workflow.component.NotificationManagerComponent -- 向用户发送通知: userId=subscriber-41, eventType=PROCESS_COMPLETED, delivered=true
22:44:00.052 [main] INFO com.workflow.component.NotificationManagerComponent -- 发送WebSocket消息到会话 session-42: 流程已完成: test-process (业务键: business-001)
22:44:00.052 [main] INFO com.workflow.component.NotificationManagerComponent -- 向用户发送通知: userId=subscriber-42, eventType=PROCESS_COMPLETED, delivered=true
22:44:00.052 [main] INFO com.workflow.component.NotificationManagerComponent -- 发送WebSocket消息到会话 session-43: 流程已完成: test-process (业务键: business-001)
22:44:00.052 [main] INFO com.workflow.component.NotificationManagerComponent -- 向用户发送通知: userId=subscriber-43, eventType=PROCESS_COMPLETED, delivered=true
22:44:00.052 [main] INFO com.workflow.component.NotificationManagerComponent -- 发送WebSocket消息到会话 session-44: 流程已完成: test-process (业务键: business-001)
22:44:00.052 [main] INFO com.workflow.component.NotificationManagerComponent -- 向用户发送通知: userId=subscriber-44, eventType=PROCESS_COMPLETED, delivered=true
22:44:00.052 [main] INFO com.workflow.component.NotificationManagerComponent -- 发送WebSocket消息到会话 session-45: 流程已完成: test-process (业务键: business-001)
22:44:00.052 [main] INFO com.workflow.component.NotificationManagerComponent -- 向用户发送通知: userId=subscriber-45, eventType=PROCESS_COMPLETED, delivered=true
22:44:00.052 [main] INFO com.workflow.component.NotificationManagerComponent -- 发送WebSocket消息到会话 session-46: 流程已完成: test-process (业务键: business-001)
22:44:00.052 [main] INFO com.workflow.component.NotificationManagerComponent -- 向用户发送通知: userId=subscriber-46, eventType=PROCESS_COMPLETED, delivered=true
22:44:00.052 [main] INFO com.workflow.component.NotificationManagerComponent -- 发送WebSocket消息到会话 session-47: 流程已完成: test-process (业务键: business-001)
22:44:00.052 [main] INFO com.workflow.component.NotificationManagerComponent -- 向用户发送通知: userId=subscriber-47, eventType=PROCESS_COMPLETED, delivered=true
22:44:00.052 [main] INFO com.workflow.component.NotificationManagerComponent -- 发送WebSocket消息到会话 session-48: 流程已完成: test-process (业务键: business-001)
22:44:00.052 [main] INFO com.workflow.component.NotificationManagerComponent -- 向用户发送通知: userId=subscriber-48, eventType=PROCESS_COMPLETED, delivered=true
22:44:00.052 [main] INFO com.workflow.component.NotificationManagerComponent -- 发送WebSocket消息到会话 session-49: 流程已完成: test-process (业务键: business-001)
22:44:00.052 [main] INFO com.workflow.component.NotificationManagerComponent -- 向用户发送通知: userId=subscriber-49, eventType=PROCESS_COMPLETED, delivered=true
22:44:00.052 [main] INFO com.workflow.component.NotificationManagerComponent -- 发送WebSocket消息到会话 session-50: 流程已完成: test-process (业务键: business-001)
22:44:00.052 [main] INFO com.workflow.component.NotificationManagerComponent -- 向用户发送通知: userId=subscriber-50, eventType=PROCESS_COMPLETED, delivered=true
22:44:00.052 [main] INFO com.workflow.component.NotificationManagerComponent -- 发送WebSocket消息到会话 session-51: 流程已完成: test-process (业务键: business-001)
22:44:00.052 [main] INFO com.workflow.component.NotificationManagerComponent -- 向用户发送通知: userId=subscriber-51, eventType=PROCESS_COMPLETED, delivered=true
22:44:00.052 [main] INFO com.workflow.component.NotificationManagerComponent -- 发送WebSocket消息到会话 session-52: 流程已完成: test-process (业务键: business-001)
22:44:00.052 [main] INFO com.workflow.component.NotificationManagerComponent -- 向用户发送通知: userId=subscriber-52, eventType=PROCESS_COMPLETED, delivered=true
22:44:00.052 [main] INFO com.workflow.component.NotificationManagerComponent -- 发送WebSocket消息到会话 session-53: 流程已完成: test-process (业务键: business-001)
22:44:00.052 [main] INFO com.workflow.component.NotificationManagerComponent -- 向用户发送通知: userId=subscriber-53, eventType=PROCESS_COMPLETED, delivered=true
22:44:00.053 [main] INFO com.workflow.component.NotificationManagerComponent -- 发送WebSocket消息到会话 session-54: 流程已完成: test-process (业务键: business-001)
22:44:00.053 [main] INFO com.workflow.component.NotificationManagerComponent -- 向用户发送通知: userId=subscriber-54, eventType=PROCESS_COMPLETED, delivered=true
22:44:00.053 [main] INFO com.workflow.component.NotificationManagerComponent -- 发送WebSocket消息到会话 session-55: 流程已完成: test-process (业务键: business-001)
22:44:00.053 [main] INFO com.workflow.component.NotificationManagerComponent -- 向用户发送通知: userId=subscriber-55, eventType=PROCESS_COMPLETED, delivered=true
22:44:00.053 [main] INFO com.workflow.component.NotificationManagerComponent -- 发送WebSocket消息到会话 session-56: 流程已完成: test-process (业务键: business-001)
22:44:00.053 [main] INFO com.workflow.component.NotificationManagerComponent -- 向用户发送通知: userId=subscriber-56, eventType=PROCESS_COMPLETED, delivered=true
22:44:00.053 [main] INFO com.workflow.component.NotificationManagerComponent -- 发送WebSocket消息到会话 session-57: 流程已完成: test-process (业务键: business-001)
22:44:00.053 [main] INFO com.workflow.component.NotificationManagerComponent -- 向用户发送通知: userId=subscriber-57, eventType=PROCESS_COMPLETED, delivered=true
22:44:00.053 [main] INFO com.workflow.component.NotificationManagerComponent -- 发送WebSocket消息到会话 session-58: 流程已完成: test-process (业务键: business-001)
22:44:00.053 [main] INFO com.workflow.component.NotificationManagerComponent -- 向用户发送通知: userId=subscriber-58, eventType=PROCESS_COMPLETED, delivered=true
22:44:00.053 [main] INFO com.workflow.component.NotificationManagerComponent -- 发送WebSocket消息到会话 session-59: 流程已完成: test-process (业务键: business-001)
22:44:00.053 [main] INFO com.workflow.component.NotificationManagerComponent -- 向用户发送通知: userId=subscriber-59, eventType=PROCESS_COMPLETED, delivered=true
22:44:00.053 [main] INFO com.workflow.component.NotificationManagerComponent -- 发送WebSocket消息到会话 session-60: 流程已完成: test-process (业务键: business-001)
22:44:00.053 [main] INFO com.workflow.component.NotificationManagerComponent -- 向用户发送通知: userId=subscriber-60, eventType=PROCESS_COMPLETED, delivered=true
22:44:00.055 [main] INFO com.workflow.component.NotificationManagerComponent -- 发送WebSocket消息到会话 session-61: 流程已完成: test-process (业务键: business-001)
22:44:00.055 [main] INFO com.workflow.component.NotificationManagerComponent -- 向用户发送通知: userId=subscriber-61, eventType=PROCESS_COMPLETED, delivered=true
22:44:00.055 [main] INFO com.workflow.component.NotificationManagerComponent -- 发送WebSocket消息到会话 session-62: 流程已完成: test-process (业务键: business-001)
22:44:00.055 [main] INFO com.workflow.component.NotificationManagerComponent -- 向用户发送通知: userId=subscriber-62, eventType=PROCESS_COMPLETED, delivered=true
22:44:00.055 [main] INFO com.workflow.component.NotificationManagerComponent -- 发送WebSocket消息到会话 session-63: 流程已完成: test-process (业务键: business-001)
22:44:00.055 [main] INFO com.workflow.component.NotificationManagerComponent -- 向用户发送通知: userId=subscriber-63, eventType=PROCESS_COMPLETED, delivered=true
22:44:00.056 [main] INFO com.workflow.component.NotificationManagerComponent -- 发送WebSocket消息到会话 session-64: 流程已完成: test-process (业务键: business-001)
22:44:00.056 [main] INFO com.workflow.component.NotificationManagerComponent -- 向用户发送通知: userId=subscriber-64, eventType=PROCESS_COMPLETED, delivered=true
22:44:00.056 [main] INFO com.workflow.component.NotificationManagerComponent -- 发送WebSocket消息到会话 session-65: 流程已完成: test-process (业务键: business-001)
22:44:00.056 [main] INFO com.workflow.component.NotificationManagerComponent -- 向用户发送通知: userId=subscriber-65, eventType=PROCESS_COMPLETED, delivered=true
22:44:00.056 [main] INFO com.workflow.component.NotificationManagerComponent -- 发送WebSocket消息到会话 session-66: 流程已完成: test-process (业务键: business-001)
22:44:00.056 [main] INFO com.workflow.component.NotificationManagerComponent -- 向用户发送通知: userId=subscriber-66, eventType=PROCESS_COMPLETED, delivered=true
22:44:00.056 [main] INFO com.workflow.component.NotificationManagerComponent -- 发送WebSocket消息到会话 session-67: 流程已完成: test-process (业务键: business-001)
22:44:00.056 [main] INFO com.workflow.component.NotificationManagerComponent -- 向用户发送通知: userId=subscriber-67, eventType=PROCESS_COMPLETED, delivered=true
22:44:00.056 [main] INFO com.workflow.component.NotificationManagerComponent -- 发送WebSocket消息到会话 session-68: 流程已完成: test-process (业务键: business-001)
22:44:00.056 [main] INFO com.workflow.component.NotificationManagerComponent -- 向用户发送通知: userId=subscriber-68, eventType=PROCESS_COMPLETED, delivered=true
22:44:00.056 [main] INFO com.workflow.component.NotificationManagerComponent -- 发送WebSocket消息到会话 session-69: 流程已完成: test-process (业务键: business-001)
22:44:00.056 [main] INFO com.workflow.component.NotificationManagerComponent -- 向用户发送通知: userId=subscriber-69, eventType=PROCESS_COMPLETED, delivered=true
22:44:00.056 [main] INFO com.workflow.component.NotificationManagerComponent -- 发送WebSocket消息到会话 session-70: 流程已完成: test-process (业务键: business-001)
22:44:00.056 [main] INFO com.workflow.component.NotificationManagerComponent -- 向用户发送通知: userId=subscriber-70, eventType=PROCESS_COMPLETED, delivered=true
22:44:00.057 [main] INFO com.workflow.component.NotificationManagerComponent -- 发送WebSocket消息到会话 session-71: 流程已完成: test-process (业务键: business-001)
22:44:00.057 [main] INFO com.workflow.component.NotificationManagerComponent -- 向用户发送通知: userId=subscriber-71, eventType=PROCESS_COMPLETED, delivered=true
22:44:00.058 [main] INFO com.workflow.component.NotificationManagerComponent -- 发送WebSocket消息到会话 session-72: 流程已完成: test-process (业务键: business-001)
22:44:00.058 [main] INFO com.workflow.component.NotificationManagerComponent -- 向用户发送通知: userId=subscriber-72, eventType=PROCESS_COMPLETED, delivered=true
22:44:00.058 [main] INFO com.workflow.component.NotificationManagerComponent -- 发送WebSocket消息到会话 session-73: 流程已完成: test-process (业务键: business-001)
22:44:00.058 [main] INFO com.workflow.component.NotificationManagerComponent -- 向用户发送通知: userId=subscriber-73, eventType=PROCESS_COMPLETED, delivered=true
22:44:00.058 [main] INFO com.workflow.component.NotificationManagerComponent -- 发送WebSocket消息到会话 session-74: 流程已完成: test-process (业务键: business-001)
22:44:00.058 [main] INFO com.workflow.component.NotificationManagerComponent -- 向用户发送通知: userId=subscriber-74, eventType=PROCESS_COMPLETED, delivered=true
22:44:00.058 [main] INFO com.workflow.component.NotificationManagerComponent -- 发送WebSocket消息到会话 session-75: 流程已完成: test-process (业务键: business-001)
22:44:00.058 [main] INFO com.workflow.component.NotificationManagerComponent -- 向用户发送通知: userId=subscriber-75, eventType=PROCESS_COMPLETED, delivered=true
22:44:00.058 [main] INFO com.workflow.component.NotificationManagerComponent -- 发送WebSocket消息到会话 session-76: 流程已完成: test-process (业务键: business-001)
22:44:00.058 [main] INFO com.workflow.component.NotificationManagerComponent -- 向用户发送通知: userId=subscriber-76, eventType=PROCESS_COMPLETED, delivered=true
22:44:00.058 [main] INFO com.workflow.component.NotificationManagerComponent -- 发送WebSocket消息到会话 session-77: 流程已完成: test-process (业务键: business-001)
22:44:00.058 [main] INFO com.workflow.component.NotificationManagerComponent -- 向用户发送通知: userId=subscriber-77, eventType=PROCESS_COMPLETED, delivered=true
22:44:00.058 [main] INFO com.workflow.component.NotificationManagerComponent -- 发送WebSocket消息到会话 session-78: 流程已完成: test-process (业务键: business-001)
22:44:00.058 [main] INFO com.workflow.component.NotificationManagerComponent -- 向用户发送通知: userId=subscriber-78, eventType=PROCESS_COMPLETED, delivered=true
22:44:00.058 [main] INFO com.workflow.component.NotificationManagerComponent -- 发送WebSocket消息到会话 session-79: 流程已完成: test-process (业务键: business-001)
22:44:00.058 [main] INFO com.workflow.component.NotificationManagerComponent -- 向用户发送通知: userId=subscriber-79, eventType=PROCESS_COMPLETED, delivered=true
22:44:00.058 [main] INFO com.workflow.component.NotificationManagerComponent -- 发送WebSocket消息到会话 session-80: 流程已完成: test-process (业务键: business-001)
22:44:00.058 [main] INFO com.workflow.component.NotificationManagerComponent -- 向用户发送通知: userId=subscriber-80, eventType=PROCESS_COMPLETED, delivered=true
22:44:00.058 [main] INFO com.workflow.component.NotificationManagerComponent -- 发送WebSocket消息到会话 session-81: 流程已完成: test-process (业务键: business-001)
22:44:00.058 [main] INFO com.workflow.component.NotificationManagerComponent -- 向用户发送通知: userId=subscriber-81, eventType=PROCESS_COMPLETED, delivered=true
22:44:00.058 [main] INFO com.workflow.component.NotificationManagerComponent -- 发送WebSocket消息到会话 session-82: 流程已完成: test-process (业务键: business-001)
22:44:00.058 [main] INFO com.workflow.component.NotificationManagerComponent -- 向用户发送通知: userId=subscriber-82, eventType=PROCESS_COMPLETED, delivered=true
22:44:00.058 [main] INFO com.workflow.component.NotificationManagerComponent -- 发送WebSocket消息到会话 session-83: 流程已完成: test-process (业务键: business-001)
22:44:00.058 [main] INFO com.workflow.component.NotificationManagerComponent -- 向用户发送通知: userId=subscriber-83, eventType=PROCESS_COMPLETED, delivered=true
22:44:00.058 [main] INFO com.workflow.component.NotificationManagerComponent -- 发送WebSocket消息到会话 session-84: 流程已完成: test-process (业务键: business-001)
22:44:00.058 [main] INFO com.workflow.component.NotificationManagerComponent -- 向用户发送通知: userId=subscriber-84, eventType=PROCESS_COMPLETED, delivered=true
22:44:00.058 [main] INFO com.workflow.component.NotificationManagerComponent -- 发送WebSocket消息到会话 session-85: 流程已完成: test-process (业务键: business-001)
22:44:00.058 [main] INFO com.workflow.component.NotificationManagerComponent -- 向用户发送通知: userId=subscriber-85, eventType=PROCESS_COMPLETED, delivered=true
22:44:00.058 [main] INFO com.workflow.component.NotificationManagerComponent -- 发送WebSocket消息到会话 session-86: 流程已完成: test-process (业务键: business-001)
22:44:00.058 [main] INFO com.workflow.component.NotificationManagerComponent -- 向用户发送通知: userId=subscriber-86, eventType=PROCESS_COMPLETED, delivered=true
22:44:00.058 [main] INFO com.workflow.component.NotificationManagerComponent -- 发送WebSocket消息到会话 session-87: 流程已完成: test-process (业务键: business-001)
22:44:00.059 [main] INFO com.workflow.component.NotificationManagerComponent -- 向用户发送通知: userId=subscriber-87, eventType=PROCESS_COMPLETED, delivered=true
22:44:00.059 [main] INFO com.workflow.component.NotificationManagerComponent -- 发送WebSocket消息到会话 session-88: 流程已完成: test-process (业务键: business-001)
22:44:00.059 [main] INFO com.workflow.component.NotificationManagerComponent -- 向用户发送通知: userId=subscriber-88, eventType=PROCESS_COMPLETED, delivered=true
22:44:00.059 [main] INFO com.workflow.component.NotificationManagerComponent -- 发送WebSocket消息到会话 session-89: 流程已完成: test-process (业务键: business-001)
22:44:00.059 [main] INFO com.workflow.component.NotificationManagerComponent -- 向用户发送通知: userId=subscriber-89, eventType=PROCESS_COMPLETED, delivered=true
22:44:00.059 [main] INFO com.workflow.component.NotificationManagerComponent -- 发送WebSocket消息到会话 session-90: 流程已完成: test-process (业务键: business-001)
22:44:00.060 [main] INFO com.workflow.component.NotificationManagerComponent -- 向用户发送通知: userId=subscriber-90, eventType=PROCESS_COMPLETED, delivered=true
22:44:00.060 [main] INFO com.workflow.component.NotificationManagerComponent -- 发送WebSocket消息到会话 session-91: 流程已完成: test-process (业务键: business-001)
22:44:00.060 [main] INFO com.workflow.component.NotificationManagerComponent -- 向用户发送通知: userId=subscriber-91, eventType=PROCESS_COMPLETED, delivered=true
22:44:00.060 [main] INFO com.workflow.component.NotificationManagerComponent -- 发送WebSocket消息到会话 session-92: 流程已完成: test-process (业务键: business-001)
22:44:00.060 [main] INFO com.workflow.component.NotificationManagerComponent -- 向用户发送通知: userId=subscriber-92, eventType=PROCESS_COMPLETED, delivered=true
22:44:00.060 [main] INFO com.workflow.component.NotificationManagerComponent -- 发送WebSocket消息到会话 session-93: 流程已完成: test-process (业务键: business-001)
22:44:00.060 [main] INFO com.workflow.component.NotificationManagerComponent -- 向用户发送通知: userId=subscriber-93, eventType=PROCESS_COMPLETED, delivered=true
22:44:00.060 [main] INFO com.workflow.component.NotificationManagerComponent -- 发送WebSocket消息到会话 session-94: 流程已完成: test-process (业务键: business-001)
22:44:00.060 [main] INFO com.workflow.component.NotificationManagerComponent -- 向用户发送通知: userId=subscriber-94, eventType=PROCESS_COMPLETED, delivered=true
22:44:00.060 [main] INFO com.workflow.component.NotificationManagerComponent -- 发送WebSocket消息到会话 session-95: 流程已完成: test-process (业务键: business-001)
22:44:00.060 [main] INFO com.workflow.component.NotificationManagerComponent -- 向用户发送通知: userId=subscriber-95, eventType=PROCESS_COMPLETED, delivered=true
22:44:00.061 [main] INFO com.workflow.component.NotificationManagerComponent -- 发送WebSocket消息到会话 session-96: 流程已完成: test-process (业务键: business-001)
22:44:00.061 [main] INFO com.workflow.component.NotificationManagerComponent -- 向用户发送通知: userId=subscriber-96, eventType=PROCESS_COMPLETED, delivered=true
22:44:00.061 [main] INFO com.workflow.component.NotificationManagerComponent -- 发送WebSocket消息到会话 session-97: 流程已完成: test-process (业务键: business-001)
22:44:00.061 [main] INFO com.workflow.component.NotificationManagerComponent -- 向用户发送通知: userId=subscriber-97, eventType=PROCESS_COMPLETED, delivered=true
22:44:00.061 [main] INFO com.workflow.component.NotificationManagerComponent -- 发送WebSocket消息到会话 session-98: 流程已完成: test-process (业务键: business-001)
22:44:00.061 [main] INFO com.workflow.component.NotificationManagerComponent -- 向用户发送通知: userId=subscriber-98, eventType=PROCESS_COMPLETED, delivered=true
22:44:00.061 [main] INFO com.workflow.component.NotificationManagerComponent -- 发送WebSocket消息到会话 session-99: 流程已完成: test-process (业务键: business-001)
22:44:00.061 [main] INFO com.workflow.component.NotificationManagerComponent -- 向用户发送通知: userId=subscriber-99, eventType=PROCESS_COMPLETED, delivered=true
=== 通知分发性能 ===
订阅者数量: 100
通知分发耗时: 12ms
平均每订阅者: 0.12ms
]]></system-out>
  </testcase>
</testsuite>